2025-1-16 16:30:02 - log: Load engine in /Applications/Cocos/Creator/3.8.4/CocosCreator.app/Contents/Resources/resources/3d/engine
2025-1-16 16:30:02 - log: Profile changed: engine (modules.includeModules: 2d,animation,audio,base,custom-pipeline,dragon-bones,gfx-webgl,gfx-webgl2,intersection-2d,particle-2d,physics-2d-box2d,profiler,spine,tiled-map,tween,ui,video,webview)
2025-1-16 16:30:02 - log: Register native engine in /Applications/Cocos/Creator/3.8.4/CocosCreator.app/Contents/Resources/resources/3d/engine/native
2025-1-16 16:30:03 - log: Request namespace: device-list
2025-1-16 16:30:07 - info: [PreviewInEditor] 预览环境初始化完毕
2025-1-16 16:30:07 - log: [Scene] meshopt wasm decoder initialized
2025-1-16 16:30:07 - log: [Scene] [box2d]:box2d wasm lib loaded.
2025-1-16 16:30:07 - log: [Scene] [bullet]:bullet wasm lib loaded.
2025-1-16 16:30:07 - log: [Scene] [PHYSICS]: using builtin.
2025-1-16 16:30:07 - log: [Scene] Cocos Creator v3.8.4
2025-1-16 16:30:07 - log: [Scene] Using custom pipeline: Builtin
2025-1-16 16:30:07 - log: [Scene] [PHYSICS2D]: switch from box2d-wasm to box2d.
2025-1-16 16:30:14 - log: [PreviewInEditor] meshopt wasm decoder initialized
2025-1-16 16:30:14 - log: [PreviewInEditor] [box2d]:box2d wasm lib loaded.
2025-1-16 16:30:14 - log: [PreviewInEditor] [bullet]:bullet wasm lib loaded.
2025-1-16 16:30:14 - log: [PreviewInEditor] [PHYSICS]: using builtin.
2025-1-16 16:30:14 - log: [PreviewInEditor] Cocos Creator v3.8.4
2025-1-16 16:30:14 - log: [PreviewInEditor] Using custom pipeline: Builtin
2025-1-16 16:30:14 - log: [PreviewInEditor] [PHYSICS2D]: switch from box2d-wasm to box2d.
2025-1-16 16:30:25 - log: [PreviewInEditor] 850
2025-1-16 16:30:35 - log: [PreviewInEditor] 850
2025-1-16 16:30:45 - log: [PreviewInEditor] 850
2025-1-16 16:30:55 - log: [PreviewInEditor] 850
2025-1-16 16:30:56 - info: [PreviewInEditor] 预览环境初始化完毕
2025-1-16 16:52:30 - warn: [Scene] Node "Player_Down" has no component "cc.Sprite".Error: [Scene] Node "Player_Down" has no component "cc.Sprite".
    at console.warn (/Applications/Cocos/Creator/3.8.4/CocosCreator.app/Contents/Resources/app.asar/node_modules/@sentry/src/instrument/console.ts:40:20)
    at warn (/Applications/Cocos/Creator/3.8.4/CocosCreator.app/Contents/Resources/resources/3d/engine/bin/.cache/dev/editor/bundled/index.js:154538:12)
    at warnID (/Applications/Cocos/Creator/3.8.4/CocosCreator.app/Contents/Resources/resources/3d/engine/bin/.cache/dev/editor/bundled/index.js:154726:5)
    at ComponentPath.get (/Applications/Cocos/Creator/3.8.4/CocosCreator.app/Contents/Resources/resources/3d/engine/bin/.cache/dev/editor/bundled/index.js:20076:13)
    at TrackPath.[NormalizedFollow] (/Applications/Cocos/Creator/3.8.4/CocosCreator.app/Contents/Resources/resources/3d/engine/bin/.cache/dev/editor/bundled/index.js:166891:29)
    at TrackBinding.createRuntimeBinding (/Applications/Cocos/Creator/3.8.4/CocosCreator.app/Contents/Resources/resources/3d/engine/bin/.cache/dev/editor/bundled/index.js:166928:59)
    at binder (/Applications/Cocos/Creator/3.8.4/CocosCreator.app/Contents/Resources/resources/3d/engine/bin/.cache/dev/editor/bundled/index.js:15388:41)
    at AnimationClip._createEvalWithBinder (/Applications/Cocos/Creator/3.8.4/CocosCreator.app/Contents/Resources/resources/3d/engine/bin/.cache/dev/editor/bundled/index.js:15759:36)
    at AnimationClip.createEvaluator (/Applications/Cocos/Creator/3.8.4/CocosCreator.app/Contents/Resources/resources/3d/engine/bin/.cache/dev/editor/bundled/index.js:15398:23)
    at AnimationState.initialize (/Applications/Cocos/Creator/3.8.4/CocosCreator.app/Contents/Resources/resources/3d/engine/bin/.cache/dev/editor/bundled/index.js:17806:35)
    at Animation._doCreateState (/Applications/Cocos/Creator/3.8.4/CocosCreator.app/Contents/Resources/resources/3d/engine/bin/.cache/dev/editor/bundled/index.js:16905:19)
    at Animation.createState (/Applications/Cocos/Creator/3.8.4/CocosCreator.app/Contents/Resources/resources/3d/engine/bin/.cache/dev/editor/bundled/index.js:16747:23)
    at Animation.set defaultClip (/Applications/Cocos/Creator/3.8.4/CocosCreator.app/Contents/Resources/resources/3d/engine/bin/.cache/dev/editor/bundled/index.js:16623:18)
    at Animation.<anonymous> (/Applications/Cocos/Creator/3.8.4/CocosCreator.app/Contents/Resources/app.asar/builtin/scene/dist/script/3d/manager/asset/asset-watcher.ccc:1:1091)
    at NodeManager.createNodeFromAsset (/Applications/Cocos/Creator/3.8.4/CocosCreator.app/Contents/Resources/app.asar/builtin/scene/dist/script/3d/manager/node/index.ccc:1:20229)
    at SceneFacadeManager.createNode (/Applications/Cocos/Creator/3.8.4/CocosCreator.app/Contents/Resources/app.asar/builtin/scene/dist/script/3d/facade/scene-facade-manager.ccc:1:12337)
    at AssetManager.onDrop (/Applications/Cocos/Creator/3.8.4/CocosCreator.app/Contents/Resources/app.asar/builtin/scene/dist/script/3d/manager/asset/index.ccc:1:7628)
2025-1-16 16:52:30 - warn: [Scene] Previous error occurred when instantiating animation clip Player_Down on node Player_Down.Error: [Scene] Previous error occurred when instantiating animation clip Player_Down on node Player_Down.
    at console.warn (/Applications/Cocos/Creator/3.8.4/CocosCreator.app/Contents/Resources/app.asar/node_modules/@sentry/src/instrument/console.ts:40:20)
    at warn (/Applications/Cocos/Creator/3.8.4/CocosCreator.app/Contents/Resources/resources/3d/engine/bin/.cache/dev/editor/bundled/index.js:154538:12)
    at warnID (/Applications/Cocos/Creator/3.8.4/CocosCreator.app/Contents/Resources/resources/3d/engine/bin/.cache/dev/editor/bundled/index.js:154726:5)
    at binder (/Applications/Cocos/Creator/3.8.4/CocosCreator.app/Contents/Resources/resources/3d/engine/bin/.cache/dev/editor/bundled/index.js:15394:15)
    at AnimationClip._createEvalWithBinder (/Applications/Cocos/Creator/3.8.4/CocosCreator.app/Contents/Resources/resources/3d/engine/bin/.cache/dev/editor/bundled/index.js:15759:36)
    at AnimationClip.createEvaluator (/Applications/Cocos/Creator/3.8.4/CocosCreator.app/Contents/Resources/resources/3d/engine/bin/.cache/dev/editor/bundled/index.js:15398:23)
    at AnimationState.initialize (/Applications/Cocos/Creator/3.8.4/CocosCreator.app/Contents/Resources/resources/3d/engine/bin/.cache/dev/editor/bundled/index.js:17806:35)
    at Animation._doCreateState (/Applications/Cocos/Creator/3.8.4/CocosCreator.app/Contents/Resources/resources/3d/engine/bin/.cache/dev/editor/bundled/index.js:16905:19)
    at Animation.createState (/Applications/Cocos/Creator/3.8.4/CocosCreator.app/Contents/Resources/resources/3d/engine/bin/.cache/dev/editor/bundled/index.js:16747:23)
    at Animation.set defaultClip (/Applications/Cocos/Creator/3.8.4/CocosCreator.app/Contents/Resources/resources/3d/engine/bin/.cache/dev/editor/bundled/index.js:16623:18)
    at Animation.<anonymous> (/Applications/Cocos/Creator/3.8.4/CocosCreator.app/Contents/Resources/app.asar/builtin/scene/dist/script/3d/manager/asset/asset-watcher.ccc:1:1091)
    at NodeManager.createNodeFromAsset (/Applications/Cocos/Creator/3.8.4/CocosCreator.app/Contents/Resources/app.asar/builtin/scene/dist/script/3d/manager/node/index.ccc:1:20229)
    at SceneFacadeManager.createNode (/Applications/Cocos/Creator/3.8.4/CocosCreator.app/Contents/Resources/app.asar/builtin/scene/dist/script/3d/facade/scene-facade-manager.ccc:1:12337)
    at AssetManager.onDrop (/Applications/Cocos/Creator/3.8.4/CocosCreator.app/Contents/Resources/app.asar/builtin/scene/dist/script/3d/manager/asset/index.ccc:1:7628)
2025-1-16 16:52:30 - warn: [Scene] Node "Player_Down" has no component "cc.Sprite".Error: [Scene] Node "Player_Down" has no component "cc.Sprite".
    at console.warn (/Applications/Cocos/Creator/3.8.4/CocosCreator.app/Contents/Resources/app.asar/node_modules/@sentry/src/instrument/console.ts:40:20)
    at warn (/Applications/Cocos/Creator/3.8.4/CocosCreator.app/Contents/Resources/resources/3d/engine/bin/.cache/dev/editor/bundled/index.js:154538:12)
    at warnID (/Applications/Cocos/Creator/3.8.4/CocosCreator.app/Contents/Resources/resources/3d/engine/bin/.cache/dev/editor/bundled/index.js:154726:5)
    at ComponentPath.get (/Applications/Cocos/Creator/3.8.4/CocosCreator.app/Contents/Resources/resources/3d/engine/bin/.cache/dev/editor/bundled/index.js:20076:13)
    at TrackPath.[NormalizedFollow] (/Applications/Cocos/Creator/3.8.4/CocosCreator.app/Contents/Resources/resources/3d/engine/bin/.cache/dev/editor/bundled/index.js:166891:29)
    at TrackBinding.createRuntimeBinding (/Applications/Cocos/Creator/3.8.4/CocosCreator.app/Contents/Resources/resources/3d/engine/bin/.cache/dev/editor/bundled/index.js:166928:59)
    at binder (/Applications/Cocos/Creator/3.8.4/CocosCreator.app/Contents/Resources/resources/3d/engine/bin/.cache/dev/editor/bundled/index.js:15388:41)
    at AnimationClip._createEvalWithBinder (/Applications/Cocos/Creator/3.8.4/CocosCreator.app/Contents/Resources/resources/3d/engine/bin/.cache/dev/editor/bundled/index.js:15759:36)
    at AnimationClip.createEvaluator (/Applications/Cocos/Creator/3.8.4/CocosCreator.app/Contents/Resources/resources/3d/engine/bin/.cache/dev/editor/bundled/index.js:15398:23)
    at AnimationState.initialize (/Applications/Cocos/Creator/3.8.4/CocosCreator.app/Contents/Resources/resources/3d/engine/bin/.cache/dev/editor/bundled/index.js:17806:35)
    at Animation._doCreateState (/Applications/Cocos/Creator/3.8.4/CocosCreator.app/Contents/Resources/resources/3d/engine/bin/.cache/dev/editor/bundled/index.js:16905:19)
    at Animation.createState (/Applications/Cocos/Creator/3.8.4/CocosCreator.app/Contents/Resources/resources/3d/engine/bin/.cache/dev/editor/bundled/index.js:16747:23)
    at Animation.set clips (/Applications/Cocos/Creator/3.8.4/CocosCreator.app/Contents/Resources/resources/3d/engine/bin/.cache/dev/editor/bundled/index.js:16589:20)
    at Animation.<anonymous> (/Applications/Cocos/Creator/3.8.4/CocosCreator.app/Contents/Resources/app.asar/builtin/scene/dist/script/3d/manager/asset/asset-watcher.ccc:1:1091)
    at Animation.onLoad (/Applications/Cocos/Creator/3.8.4/CocosCreator.app/Contents/Resources/resources/3d/engine/bin/.cache/dev/editor/bundled/index.js:16627:22)
    at eval (/Applications/Cocos/Creator/3.8.4/CocosCreator.app/Contents/Resources/resources/3d/engine/bin/.cache/dev/editor/bundled/index.js:60253:132)
    at OneOffInvoker.eval [as _invoke] (/Applications/Cocos/Creator/3.8.4/CocosCreator.app/Contents/Resources/resources/3d/engine/bin/.cache/dev/editor/bundled/index.js:58173:9)
    at OneOffInvoker.invoke (/Applications/Cocos/Creator/3.8.4/CocosCreator.app/Contents/Resources/resources/3d/engine/bin/.cache/dev/editor/bundled/index.js:58292:18)
    at NodeActivator.activateNode (/Applications/Cocos/Creator/3.8.4/CocosCreator.app/Contents/Resources/resources/3d/engine/bin/.cache/dev/editor/bundled/index.js:60304:27)
    at Node._onHierarchyChangedBase (/Applications/Cocos/Creator/3.8.4/CocosCreator.app/Contents/Resources/resources/3d/engine/bin/.cache/dev/editor/bundled/index.js:62944:46)
    at Node._onHierarchyChanged (/Applications/Cocos/Creator/3.8.4/CocosCreator.app/Contents/Resources/resources/3d/engine/bin/.cache/dev/editor/bundled/index.js:63386:16)
    at Node.setParent (/Applications/Cocos/Creator/3.8.4/CocosCreator.app/Contents/Resources/resources/3d/engine/bin/.cache/dev/editor/bundled/index.js:62100:16)
    at Scene.addChild (/Applications/Cocos/Creator/3.8.4/CocosCreator.app/Contents/Resources/resources/3d/engine/bin/.cache/dev/editor/bundled/index.js:62181:17)
    at NodeManager.createNodeFromAsset (/Applications/Cocos/Creator/3.8.4/CocosCreator.app/Contents/Resources/app.asar/builtin/scene/dist/script/3d/manager/node/index.ccc:1:24297)
    at SceneFacadeManager.createNode (/Applications/Cocos/Creator/3.8.4/CocosCreator.app/Contents/Resources/app.asar/builtin/scene/dist/script/3d/facade/scene-facade-manager.ccc:1:12337)
    at AssetManager.onDrop (/Applications/Cocos/Creator/3.8.4/CocosCreator.app/Contents/Resources/app.asar/builtin/scene/dist/script/3d/manager/asset/index.ccc:1:7628)
2025-1-16 16:52:30 - warn: [Scene] Previous error occurred when instantiating animation clip Player_Down on node Player_Down.Error: [Scene] Previous error occurred when instantiating animation clip Player_Down on node Player_Down.
    at console.warn (/Applications/Cocos/Creator/3.8.4/CocosCreator.app/Contents/Resources/app.asar/node_modules/@sentry/src/instrument/console.ts:40:20)
    at warn (/Applications/Cocos/Creator/3.8.4/CocosCreator.app/Contents/Resources/resources/3d/engine/bin/.cache/dev/editor/bundled/index.js:154538:12)
    at warnID (/Applications/Cocos/Creator/3.8.4/CocosCreator.app/Contents/Resources/resources/3d/engine/bin/.cache/dev/editor/bundled/index.js:154726:5)
    at binder (/Applications/Cocos/Creator/3.8.4/CocosCreator.app/Contents/Resources/resources/3d/engine/bin/.cache/dev/editor/bundled/index.js:15394:15)
    at AnimationClip._createEvalWithBinder (/Applications/Cocos/Creator/3.8.4/CocosCreator.app/Contents/Resources/resources/3d/engine/bin/.cache/dev/editor/bundled/index.js:15759:36)
    at AnimationClip.createEvaluator (/Applications/Cocos/Creator/3.8.4/CocosCreator.app/Contents/Resources/resources/3d/engine/bin/.cache/dev/editor/bundled/index.js:15398:23)
    at AnimationState.initialize (/Applications/Cocos/Creator/3.8.4/CocosCreator.app/Contents/Resources/resources/3d/engine/bin/.cache/dev/editor/bundled/index.js:17806:35)
    at Animation._doCreateState (/Applications/Cocos/Creator/3.8.4/CocosCreator.app/Contents/Resources/resources/3d/engine/bin/.cache/dev/editor/bundled/index.js:16905:19)
    at Animation.createState (/Applications/Cocos/Creator/3.8.4/CocosCreator.app/Contents/Resources/resources/3d/engine/bin/.cache/dev/editor/bundled/index.js:16747:23)
    at Animation.set clips (/Applications/Cocos/Creator/3.8.4/CocosCreator.app/Contents/Resources/resources/3d/engine/bin/.cache/dev/editor/bundled/index.js:16589:20)
    at Animation.<anonymous> (/Applications/Cocos/Creator/3.8.4/CocosCreator.app/Contents/Resources/app.asar/builtin/scene/dist/script/3d/manager/asset/asset-watcher.ccc:1:1091)
    at Animation.onLoad (/Applications/Cocos/Creator/3.8.4/CocosCreator.app/Contents/Resources/resources/3d/engine/bin/.cache/dev/editor/bundled/index.js:16627:22)
    at eval (/Applications/Cocos/Creator/3.8.4/CocosCreator.app/Contents/Resources/resources/3d/engine/bin/.cache/dev/editor/bundled/index.js:60253:132)
    at OneOffInvoker.eval [as _invoke] (/Applications/Cocos/Creator/3.8.4/CocosCreator.app/Contents/Resources/resources/3d/engine/bin/.cache/dev/editor/bundled/index.js:58173:9)
    at OneOffInvoker.invoke (/Applications/Cocos/Creator/3.8.4/CocosCreator.app/Contents/Resources/resources/3d/engine/bin/.cache/dev/editor/bundled/index.js:58292:18)
    at NodeActivator.activateNode (/Applications/Cocos/Creator/3.8.4/CocosCreator.app/Contents/Resources/resources/3d/engine/bin/.cache/dev/editor/bundled/index.js:60304:27)
    at Node._onHierarchyChangedBase (/Applications/Cocos/Creator/3.8.4/CocosCreator.app/Contents/Resources/resources/3d/engine/bin/.cache/dev/editor/bundled/index.js:62944:46)
    at Node._onHierarchyChanged (/Applications/Cocos/Creator/3.8.4/CocosCreator.app/Contents/Resources/resources/3d/engine/bin/.cache/dev/editor/bundled/index.js:63386:16)
    at Node.setParent (/Applications/Cocos/Creator/3.8.4/CocosCreator.app/Contents/Resources/resources/3d/engine/bin/.cache/dev/editor/bundled/index.js:62100:16)
    at Scene.addChild (/Applications/Cocos/Creator/3.8.4/CocosCreator.app/Contents/Resources/resources/3d/engine/bin/.cache/dev/editor/bundled/index.js:62181:17)
    at NodeManager.createNodeFromAsset (/Applications/Cocos/Creator/3.8.4/CocosCreator.app/Contents/Resources/app.asar/builtin/scene/dist/script/3d/manager/node/index.ccc:1:24297)
    at SceneFacadeManager.createNode (/Applications/Cocos/Creator/3.8.4/CocosCreator.app/Contents/Resources/app.asar/builtin/scene/dist/script/3d/facade/scene-facade-manager.ccc:1:12337)
    at AssetManager.onDrop (/Applications/Cocos/Creator/3.8.4/CocosCreator.app/Contents/Resources/app.asar/builtin/scene/dist/script/3d/manager/asset/index.ccc:1:7628)
2025-1-16 16:52:31 - warn: [Scene] Can not find environment map, disable IBL lightingError: [Scene] Can not find environment map, disable IBL lighting
    at console.warn (/Applications/Cocos/Creator/3.8.4/CocosCreator.app/Contents/Resources/app.asar/node_modules/@sentry/src/instrument/console.ts:40:20)
    at warn (/Applications/Cocos/Creator/3.8.4/CocosCreator.app/Contents/Resources/resources/3d/engine/bin/.cache/dev/editor/bundled/index.js:154538:12)
    at warnID (/Applications/Cocos/Creator/3.8.4/CocosCreator.app/Contents/Resources/resources/3d/engine/bin/.cache/dev/editor/bundled/index.js:154726:5)
    at SkyboxInfo.set envmap (/Applications/Cocos/Creator/3.8.4/CocosCreator.app/Contents/Resources/resources/3d/engine/bin/.cache/dev/editor/bundled/index.js:65968:13)
    at SkyboxInfo.<anonymous> (/Applications/Cocos/Creator/3.8.4/CocosCreator.app/Contents/Resources/app.asar/builtin/scene/dist/script/3d/manager/asset/asset-watcher.ccc:1:1091)
    at AssetDump.decode (/Applications/Cocos/Creator/3.8.4/CocosCreator.app/Contents/Resources/app.asar/builtin/scene/dist/script/export/dump/types/asset-dump.ccc:1:946)
    at _decodeByType (/Applications/Cocos/Creator/3.8.4/CocosCreator.app/Contents/Resources/app.asar/builtin/scene/dist/script/export/dump/decode.ccc:1:4617)
    at decodePatch (/Applications/Cocos/Creator/3.8.4/CocosCreator.app/Contents/Resources/app.asar/builtin/scene/dist/script/export/dump/decode.ccc:1:6313)
    at decodePatch (/Applications/Cocos/Creator/3.8.4/CocosCreator.app/Contents/Resources/app.asar/builtin/scene/dist/script/export/dump/decode.ccc:1:6952)
    at decodeScene (/Applications/Cocos/Creator/3.8.4/CocosCreator.app/Contents/Resources/app.asar/builtin/scene/dist/script/export/dump/decode.ccc:1:3735)
    at SceneUndoCommand.applyData (/Applications/Cocos/Creator/3.8.4/CocosCreator.app/Contents/Resources/app.asar/builtin/scene/dist/script/export/undo/scene.ccc:1:722)
    at SceneUndoCommand.undo (/Applications/Cocos/Creator/3.8.4/CocosCreator.app/Contents/Resources/app.asar/builtin/scene/dist/script/export/undo/scene.ccc:1:616)
    at SceneUndoCommand.perform (/Applications/Cocos/Creator/3.8.4/CocosCreator.app/Contents/Resources/app.asar/builtin/scene/dist/script/export/undo/base.ccc:1:209)
    at SceneUndoManager.undo (/Applications/Cocos/Creator/3.8.4/CocosCreator.app/Contents/Resources/app.asar/builtin/scene/dist/script/export/undo/base.ccc:1:752)
    at SceneUndoManager.undo (/Applications/Cocos/Creator/3.8.4/CocosCreator.app/Contents/Resources/app.asar/builtin/scene/dist/script/export/undo/scene.ccc:1:3833)
    at GeneralSceneFacade.undo (/Applications/Cocos/Creator/3.8.4/CocosCreator.app/Contents/Resources/app.asar/builtin/scene/dist/script/3d/facade/general-scene-facade.ccc:1:12889)
    at SceneFacadeManager.undo (/Applications/Cocos/Creator/3.8.4/CocosCreator.app/Contents/Resources/app.asar/builtin/scene/dist/script/3d/facade/scene-facade-manager.ccc:1:15384)
2025-1-16 16:52:31 - warn: [Scene] Can not find environment map, disable IBL lightingError: [Scene] Can not find environment map, disable IBL lighting
    at console.warn (/Applications/Cocos/Creator/3.8.4/CocosCreator.app/Contents/Resources/app.asar/node_modules/@sentry/src/instrument/console.ts:40:20)
    at warn (/Applications/Cocos/Creator/3.8.4/CocosCreator.app/Contents/Resources/resources/3d/engine/bin/.cache/dev/editor/bundled/index.js:154538:12)
    at warnID (/Applications/Cocos/Creator/3.8.4/CocosCreator.app/Contents/Resources/resources/3d/engine/bin/.cache/dev/editor/bundled/index.js:154726:5)
    at SkyboxInfo.set envmap (/Applications/Cocos/Creator/3.8.4/CocosCreator.app/Contents/Resources/resources/3d/engine/bin/.cache/dev/editor/bundled/index.js:65968:13)
    at SkyboxInfo.<anonymous> (/Applications/Cocos/Creator/3.8.4/CocosCreator.app/Contents/Resources/app.asar/builtin/scene/dist/script/3d/manager/asset/asset-watcher.ccc:1:1091)
    at AssetDump.decode (/Applications/Cocos/Creator/3.8.4/CocosCreator.app/Contents/Resources/app.asar/builtin/scene/dist/script/export/dump/types/asset-dump.ccc:1:946)
    at _decodeByType (/Applications/Cocos/Creator/3.8.4/CocosCreator.app/Contents/Resources/app.asar/builtin/scene/dist/script/export/dump/decode.ccc:1:4617)
    at decodePatch (/Applications/Cocos/Creator/3.8.4/CocosCreator.app/Contents/Resources/app.asar/builtin/scene/dist/script/export/dump/decode.ccc:1:6313)
    at decodePatch (/Applications/Cocos/Creator/3.8.4/CocosCreator.app/Contents/Resources/app.asar/builtin/scene/dist/script/export/dump/decode.ccc:1:6952)
    at decodeScene (/Applications/Cocos/Creator/3.8.4/CocosCreator.app/Contents/Resources/app.asar/builtin/scene/dist/script/export/dump/decode.ccc:1:3735)
    at SceneUndoCommand.applyData (/Applications/Cocos/Creator/3.8.4/CocosCreator.app/Contents/Resources/app.asar/builtin/scene/dist/script/export/undo/scene.ccc:1:722)
    at SceneUndoCommand.undo (/Applications/Cocos/Creator/3.8.4/CocosCreator.app/Contents/Resources/app.asar/builtin/scene/dist/script/export/undo/scene.ccc:1:616)
    at SceneUndoCommand.perform (/Applications/Cocos/Creator/3.8.4/CocosCreator.app/Contents/Resources/app.asar/builtin/scene/dist/script/export/undo/base.ccc:1:209)
    at SceneUndoManager.undo (/Applications/Cocos/Creator/3.8.4/CocosCreator.app/Contents/Resources/app.asar/builtin/scene/dist/script/export/undo/base.ccc:1:752)
    at SceneUndoManager.undo (/Applications/Cocos/Creator/3.8.4/CocosCreator.app/Contents/Resources/app.asar/builtin/scene/dist/script/export/undo/scene.ccc:1:3833)
    at GeneralSceneFacade.undo (/Applications/Cocos/Creator/3.8.4/CocosCreator.app/Contents/Resources/app.asar/builtin/scene/dist/script/3d/facade/general-scene-facade.ccc:1:12889)
    at SceneFacadeManager.undo (/Applications/Cocos/Creator/3.8.4/CocosCreator.app/Contents/Resources/app.asar/builtin/scene/dist/script/3d/facade/scene-facade-manager.ccc:1:15384)
