16:53:12 debug: 2025/1/9 下午4:53:12
16:53:12 debug: Project: /Users/neil/Documents/Neil/AirPlaneShootGame
16:53:12 debug: Targets: editor,preview
16:53:12 debug: Incremental file seems great.
16:53:12 debug: Engine path: /Applications/Cocos/Creator/3.8.4/CocosCreator.app/Contents/Resources/resources/3d/engine
16:53:12 debug: Initializing target [Editor]
16:53:12 debug: Loading cache
16:53:12 debug: Loading cache costs 0.4447080045938492ms.
16:53:12 debug: Engine features shipped in editor: base,gfx-webgl,gfx-webgl2,gfx-empty,gfx-webgpu,3d,animation,skeletal-animation,2d,ui,particle,particle-2d,physics-framework,physics-2d-framework,physics-2d-box2d-wasm,intersection-2d,primitive,profiler,occlusion-query,geometry-renderer,debug-renderer,audio,video,xr,light-probe,terrain,webview,tween,tiled-map,spine,dragon-bones,marionette,procedural-animation,custom-pipeline,custom-pipeline-builtin-scripts,custom-pipeline-post-process,legacy-pipeline,websocket,websocket-server,meshopt
16:53:12 debug: Our import map(foo:/bar): {
  "imports": {
    "cc": "cce:/internal/x/cc"
  }
}
16:53:12 debug: Initializing target [Preview]
16:53:12 debug: Loading cache
16:53:12 debug: Loading cache costs 0.4017080068588257ms.
16:53:12 debug: Our import map(foo:/bar): {
  "imports": {
    "cc": "cce:/internal/x/cc"
  }
}
16:53:12 debug: Sync engine features: 2d,animation,audio,base,custom-pipeline,dragon-bones,gfx-webgl,gfx-webgl2,intersection-2d,particle-2d,physics-2d-box2d,profiler,spine,tiled-map,tween,ui,video,webview
16:53:12 debug: Reset databases. Enumerated domains: [
  {
    "root": "db://internal/",
    "physical": "/Applications/Cocos/Creator/3.8.4/CocosCreator.app/Contents/Resources/resources/3d/engine/editor/assets"
  },
  {
    "root": "db://assets/",
    "physical": "/Users/neil/Documents/Neil/AirPlaneShootGame/assets"
  }
]
16:53:12 debug: Our import map(foo:/bar): {
  "imports": {
    "cc": "cce:/internal/x/cc",
    "db://internal/": "file:///Applications/Cocos/Creator/3.8.4/CocosCreator.app/Contents/Resources/resources/3d/engine/editor/assets/",
    "db://assets/": "file:///Users/neil/Documents/Neil/AirPlaneShootGame/assets/"
  }
}
16:53:12 debug: Our import map(foo:/bar): {
  "imports": {
    "cc": "cce:/internal/x/cc",
    "db://internal/": "file:///Applications/Cocos/Creator/3.8.4/CocosCreator.app/Contents/Resources/resources/3d/engine/editor/assets/",
    "db://assets/": "file:///Users/neil/Documents/Neil/AirPlaneShootGame/assets/"
  }
}
16:53:12 debug: Pulling asset-db.
16:53:12 debug: Fetch asset-db cost: 2.2808749973773956ms.
16:53:12 debug: Build iteration starts.
Number of accumulated asset changes: 8
Feature changed: false
16:53:12 debug: Target(editor) build started.
16:53:12 debug: Detected change: cce:/internal/x/cc. Last mtime: Thu Jan 01 1970 08:00:04 GMT+0800 (台北標準時間), Current mtime: Thu Jan 01 1970 08:00:03 GMT+0800 (台北標準時間)
16:53:12 debug: Inspect cce:/internal/x/cc
16:53:13 debug: Resolve cce:/internal/x/cc-fu/base from cce:/internal/x/cc as external dependency cce:/internal/x/cc-fu/base.
16:53:13 debug: Resolve cce:/internal/x/cc-fu/gfx-webgl from cce:/internal/x/cc as external dependency cce:/internal/x/cc-fu/gfx-webgl.
16:53:13 debug: Resolve cce:/internal/x/cc-fu/gfx-webgl2 from cce:/internal/x/cc as external dependency cce:/internal/x/cc-fu/gfx-webgl2.
16:53:13 debug: Resolve cce:/internal/x/cc-fu/gfx-empty from cce:/internal/x/cc as external dependency cce:/internal/x/cc-fu/gfx-empty.
16:53:13 debug: Resolve cce:/internal/x/cc-fu/gfx-webgpu from cce:/internal/x/cc as external dependency cce:/internal/x/cc-fu/gfx-webgpu.
16:53:13 debug: Resolve cce:/internal/x/cc-fu/3d from cce:/internal/x/cc as external dependency cce:/internal/x/cc-fu/3d.
16:53:13 debug: Resolve cce:/internal/x/cc-fu/animation from cce:/internal/x/cc as external dependency cce:/internal/x/cc-fu/animation.
16:53:13 debug: Resolve cce:/internal/x/cc-fu/skeletal-animation from cce:/internal/x/cc as external dependency cce:/internal/x/cc-fu/skeletal-animation.
16:53:13 debug: Resolve cce:/internal/x/cc-fu/2d from cce:/internal/x/cc as external dependency cce:/internal/x/cc-fu/2d.
16:53:13 debug: Resolve cce:/internal/x/cc-fu/sorting from cce:/internal/x/cc as external dependency cce:/internal/x/cc-fu/sorting.
16:53:13 debug: Resolve cce:/internal/x/cc-fu/ui from cce:/internal/x/cc as external dependency cce:/internal/x/cc-fu/ui.
16:53:13 debug: Resolve cce:/internal/x/cc-fu/particle from cce:/internal/x/cc as external dependency cce:/internal/x/cc-fu/particle.
16:53:13 debug: Resolve cce:/internal/x/cc-fu/particle-2d from cce:/internal/x/cc as external dependency cce:/internal/x/cc-fu/particle-2d.
16:53:13 debug: Resolve cce:/internal/x/cc-fu/physics-framework from cce:/internal/x/cc as external dependency cce:/internal/x/cc-fu/physics-framework.
16:53:13 debug: Resolve cce:/internal/x/cc-fu/physics-2d-framework from cce:/internal/x/cc as external dependency cce:/internal/x/cc-fu/physics-2d-framework.
16:53:13 debug: Resolve cce:/internal/x/cc-fu/physics-2d-box2d-wasm from cce:/internal/x/cc as external dependency cce:/internal/x/cc-fu/physics-2d-box2d-wasm.
16:53:13 debug: Resolve cce:/internal/x/cc-fu/intersection-2d from cce:/internal/x/cc as external dependency cce:/internal/x/cc-fu/intersection-2d.
16:53:13 debug: Resolve cce:/internal/x/cc-fu/primitive from cce:/internal/x/cc as external dependency cce:/internal/x/cc-fu/primitive.
16:53:13 debug: Resolve cce:/internal/x/cc-fu/profiler from cce:/internal/x/cc as external dependency cce:/internal/x/cc-fu/profiler.
16:53:13 debug: Resolve cce:/internal/x/cc-fu/geometry-renderer from cce:/internal/x/cc as external dependency cce:/internal/x/cc-fu/geometry-renderer.
16:53:13 debug: Resolve cce:/internal/x/cc-fu/audio from cce:/internal/x/cc as external dependency cce:/internal/x/cc-fu/audio.
16:53:13 debug: Resolve cce:/internal/x/cc-fu/video from cce:/internal/x/cc as external dependency cce:/internal/x/cc-fu/video.
16:53:13 debug: Resolve cce:/internal/x/cc-fu/xr from cce:/internal/x/cc as external dependency cce:/internal/x/cc-fu/xr.
16:53:13 debug: Resolve cce:/internal/x/cc-fu/light-probe from cce:/internal/x/cc as external dependency cce:/internal/x/cc-fu/light-probe.
16:53:13 debug: Resolve cce:/internal/x/cc-fu/terrain from cce:/internal/x/cc as external dependency cce:/internal/x/cc-fu/terrain.
16:53:13 debug: Resolve cce:/internal/x/cc-fu/webview from cce:/internal/x/cc as external dependency cce:/internal/x/cc-fu/webview.
16:53:13 debug: Resolve cce:/internal/x/cc-fu/tween from cce:/internal/x/cc as external dependency cce:/internal/x/cc-fu/tween.
16:53:13 debug: Resolve cce:/internal/x/cc-fu/tiled-map from cce:/internal/x/cc as external dependency cce:/internal/x/cc-fu/tiled-map.
16:53:13 debug: Resolve cce:/internal/x/cc-fu/spine from cce:/internal/x/cc as external dependency cce:/internal/x/cc-fu/spine.
16:53:13 debug: Resolve cce:/internal/x/cc-fu/dragon-bones from cce:/internal/x/cc as external dependency cce:/internal/x/cc-fu/dragon-bones.
16:53:13 debug: Resolve cce:/internal/x/cc-fu/custom-pipeline from cce:/internal/x/cc as external dependency cce:/internal/x/cc-fu/custom-pipeline.
16:53:13 debug: Resolve cce:/internal/x/cc-fu/custom-pipeline-post-process from cce:/internal/x/cc as external dependency cce:/internal/x/cc-fu/custom-pipeline-post-process.
16:53:13 debug: Resolve cce:/internal/x/cc-fu/legacy-pipeline from cce:/internal/x/cc as external dependency cce:/internal/x/cc-fu/legacy-pipeline.
16:53:13 debug: Detected change: cce:/internal/x/prerequisite-imports. Last mtime: Thu Jan 01 1970 08:00:04 GMT+0800 (台北標準時間), Current mtime: Thu Jan 01 1970 08:00:03 GMT+0800 (台北標準時間)
16:53:13 debug: Inspect cce:/internal/x/prerequisite-imports
16:53:13 debug: Resolve file:///Applications/Cocos/Creator/3.8.4/CocosCreator.app/Contents/Resources/resources/3d/engine/editor/assets/default_renderpipeline/builtin-pipeline-settings.ts from cce:/internal/x/prerequisite-imports as file:///Applications/Cocos/Creator/3.8.4/CocosCreator.app/Contents/Resources/resources/3d/engine/editor/assets/default_renderpipeline/builtin-pipeline-settings.ts.
16:53:13 debug: Resolve cce:/internal/code-quality/cr.mjs from file:///Applications/Cocos/Creator/3.8.4/CocosCreator.app/Contents/Resources/resources/3d/engine/editor/assets/default_renderpipeline/builtin-pipeline-settings.ts as cce:/internal/code-quality/cr.mjs.
16:53:13 debug: Detected change: cce:/internal/code-quality/cr.mjs. Last mtime: Thu Jan 09 2025 16:38:21 GMT+0800 (台北標準時間), Current mtime: Thu Jan 09 2025 16:53:09 GMT+0800 (台北標準時間)
16:53:13 debug: Inspect cce:/internal/code-quality/cr.mjs
16:53:13 debug: Resolve cc from file:///Applications/Cocos/Creator/3.8.4/CocosCreator.app/Contents/Resources/resources/3d/engine/editor/assets/default_renderpipeline/builtin-pipeline-settings.ts as cce:/internal/x/cc.
16:53:13 debug: Resolve cc from file:///Applications/Cocos/Creator/3.8.4/CocosCreator.app/Contents/Resources/resources/3d/engine/editor/assets/default_renderpipeline/builtin-pipeline-settings.ts as cce:/internal/x/cc.
16:53:13 debug: Resolve cc from file:///Applications/Cocos/Creator/3.8.4/CocosCreator.app/Contents/Resources/resources/3d/engine/editor/assets/default_renderpipeline/builtin-pipeline-settings.ts as cce:/internal/x/cc.
16:53:13 debug: Resolve cc/env from file:///Applications/Cocos/Creator/3.8.4/CocosCreator.app/Contents/Resources/resources/3d/engine/editor/assets/default_renderpipeline/builtin-pipeline-settings.ts as external dependency cc/env.
16:53:13 debug: Resolve ./builtin-pipeline-types from file:///Applications/Cocos/Creator/3.8.4/CocosCreator.app/Contents/Resources/resources/3d/engine/editor/assets/default_renderpipeline/builtin-pipeline-settings.ts as file:///Applications/Cocos/Creator/3.8.4/CocosCreator.app/Contents/Resources/resources/3d/engine/editor/assets/default_renderpipeline/builtin-pipeline-types.ts.
16:53:13 debug: Resolve cc from file:///Applications/Cocos/Creator/3.8.4/CocosCreator.app/Contents/Resources/resources/3d/engine/editor/assets/default_renderpipeline/builtin-pipeline-types.ts as cce:/internal/x/cc.
16:53:13 debug: Resolve cc from file:///Applications/Cocos/Creator/3.8.4/CocosCreator.app/Contents/Resources/resources/3d/engine/editor/assets/default_renderpipeline/builtin-pipeline-types.ts as cce:/internal/x/cc.
16:53:13 debug: Resolve cc from file:///Applications/Cocos/Creator/3.8.4/CocosCreator.app/Contents/Resources/resources/3d/engine/editor/assets/default_renderpipeline/builtin-pipeline-types.ts as cce:/internal/x/cc.
16:53:13 debug: Resolve file:///Applications/Cocos/Creator/3.8.4/CocosCreator.app/Contents/Resources/resources/3d/engine/editor/assets/default_renderpipeline/builtin-pipeline-types.ts from cce:/internal/x/prerequisite-imports as file:///Applications/Cocos/Creator/3.8.4/CocosCreator.app/Contents/Resources/resources/3d/engine/editor/assets/default_renderpipeline/builtin-pipeline-types.ts.
16:53:13 debug: Resolve file:///Applications/Cocos/Creator/3.8.4/CocosCreator.app/Contents/Resources/resources/3d/engine/editor/assets/default_renderpipeline/builtin-pipeline.ts from cce:/internal/x/prerequisite-imports as file:///Applications/Cocos/Creator/3.8.4/CocosCreator.app/Contents/Resources/resources/3d/engine/editor/assets/default_renderpipeline/builtin-pipeline.ts.
16:53:13 debug: Resolve cce:/internal/code-quality/cr.mjs from file:///Applications/Cocos/Creator/3.8.4/CocosCreator.app/Contents/Resources/resources/3d/engine/editor/assets/default_renderpipeline/builtin-pipeline.ts as cce:/internal/code-quality/cr.mjs.
16:53:13 debug: Resolve cc from file:///Applications/Cocos/Creator/3.8.4/CocosCreator.app/Contents/Resources/resources/3d/engine/editor/assets/default_renderpipeline/builtin-pipeline.ts as cce:/internal/x/cc.
16:53:13 debug: Resolve cc from file:///Applications/Cocos/Creator/3.8.4/CocosCreator.app/Contents/Resources/resources/3d/engine/editor/assets/default_renderpipeline/builtin-pipeline.ts as cce:/internal/x/cc.
16:53:13 debug: Resolve cc/env from file:///Applications/Cocos/Creator/3.8.4/CocosCreator.app/Contents/Resources/resources/3d/engine/editor/assets/default_renderpipeline/builtin-pipeline.ts as external dependency cc/env.
16:53:13 debug: Resolve cc from file:///Applications/Cocos/Creator/3.8.4/CocosCreator.app/Contents/Resources/resources/3d/engine/editor/assets/default_renderpipeline/builtin-pipeline.ts as cce:/internal/x/cc.
16:53:13 debug: Resolve ./builtin-pipeline-types from file:///Applications/Cocos/Creator/3.8.4/CocosCreator.app/Contents/Resources/resources/3d/engine/editor/assets/default_renderpipeline/builtin-pipeline.ts as file:///Applications/Cocos/Creator/3.8.4/CocosCreator.app/Contents/Resources/resources/3d/engine/editor/assets/default_renderpipeline/builtin-pipeline-types.ts.
16:53:13 debug: Resolve file:///Applications/Cocos/Creator/3.8.4/CocosCreator.app/Contents/Resources/resources/3d/engine/editor/assets/tools/debug-view-runtime-control.ts from cce:/internal/x/prerequisite-imports as file:///Applications/Cocos/Creator/3.8.4/CocosCreator.app/Contents/Resources/resources/3d/engine/editor/assets/tools/debug-view-runtime-control.ts.
16:53:13 debug: Resolve cc from file:///Applications/Cocos/Creator/3.8.4/CocosCreator.app/Contents/Resources/resources/3d/engine/editor/assets/tools/debug-view-runtime-control.ts as cce:/internal/x/cc.
16:53:13 debug: Resolve cc from file:///Applications/Cocos/Creator/3.8.4/CocosCreator.app/Contents/Resources/resources/3d/engine/editor/assets/tools/debug-view-runtime-control.ts as cce:/internal/x/cc.
16:53:13 debug: Resolve cc from file:///Applications/Cocos/Creator/3.8.4/CocosCreator.app/Contents/Resources/resources/3d/engine/editor/assets/tools/debug-view-runtime-control.ts as cce:/internal/x/cc.
16:53:13 debug: Resolve file:///Users/neil/Documents/Neil/AirPlaneShootGame/assets/Scripts/Background.ts from cce:/internal/x/prerequisite-imports as file:///Users/neil/Documents/Neil/AirPlaneShootGame/assets/Scripts/Background.ts.
16:53:13 debug: Resolve cc from file:///Users/neil/Documents/Neil/AirPlaneShootGame/assets/Scripts/Background.ts as cce:/internal/x/cc.
16:53:13 debug: Resolve cc from file:///Users/neil/Documents/Neil/AirPlaneShootGame/assets/Scripts/Background.ts as cce:/internal/x/cc.
16:53:13 debug: Resolve cc from file:///Users/neil/Documents/Neil/AirPlaneShootGame/assets/Scripts/Background.ts as cce:/internal/x/cc.
16:53:13 debug: Resolve file:///Users/neil/Documents/Neil/AirPlaneShootGame/assets/Scripts/Bullet.ts from cce:/internal/x/prerequisite-imports as file:///Users/neil/Documents/Neil/AirPlaneShootGame/assets/Scripts/Bullet.ts.
16:53:13 debug: Resolve cc from file:///Users/neil/Documents/Neil/AirPlaneShootGame/assets/Scripts/Bullet.ts as cce:/internal/x/cc.
16:53:13 debug: Resolve cc from file:///Users/neil/Documents/Neil/AirPlaneShootGame/assets/Scripts/Bullet.ts as cce:/internal/x/cc.
16:53:13 debug: Resolve cc from file:///Users/neil/Documents/Neil/AirPlaneShootGame/assets/Scripts/Bullet.ts as cce:/internal/x/cc.
16:53:13 debug: Resolve file:///Users/neil/Documents/Neil/AirPlaneShootGame/assets/Scripts/Player.ts from cce:/internal/x/prerequisite-imports as file:///Users/neil/Documents/Neil/AirPlaneShootGame/assets/Scripts/Player.ts.
16:53:13 debug: Resolve cc from file:///Users/neil/Documents/Neil/AirPlaneShootGame/assets/Scripts/Player.ts as cce:/internal/x/cc.
16:53:13 debug: Resolve cc from file:///Users/neil/Documents/Neil/AirPlaneShootGame/assets/Scripts/Player.ts as cce:/internal/x/cc.
16:53:13 debug: Resolve cc from file:///Users/neil/Documents/Neil/AirPlaneShootGame/assets/Scripts/Player.ts as cce:/internal/x/cc.
16:53:13 debug: Resolve file:///Users/neil/Documents/Neil/AirPlaneShootGame/assets/Scripts/StartUI.ts from cce:/internal/x/prerequisite-imports as file:///Users/neil/Documents/Neil/AirPlaneShootGame/assets/Scripts/StartUI.ts.
16:53:13 debug: Resolve cc from file:///Users/neil/Documents/Neil/AirPlaneShootGame/assets/Scripts/StartUI.ts as cce:/internal/x/cc.
16:53:13 debug: Resolve cc from file:///Users/neil/Documents/Neil/AirPlaneShootGame/assets/Scripts/StartUI.ts as cce:/internal/x/cc.
16:53:13 debug: Resolve cc from file:///Users/neil/Documents/Neil/AirPlaneShootGame/assets/Scripts/StartUI.ts as cce:/internal/x/cc.
16:53:13 debug: Target(editor) ends with cost 56.7961670011282ms.
16:53:13 debug: Target(preview) build started.
16:53:13 debug: Detected change: cce:/internal/x/cc. Last mtime: Thu Jan 01 1970 08:00:04 GMT+0800 (台北標準時間), Current mtime: Thu Jan 01 1970 08:00:03 GMT+0800 (台北標準時間)
16:53:13 debug: Inspect cce:/internal/x/cc
16:53:13 debug: Resolve cce:/internal/x/cc-fu/2d from cce:/internal/x/cc as external dependency cce:/internal/x/cc-fu/2d.
16:53:13 debug: Resolve cce:/internal/x/cc-fu/sorting from cce:/internal/x/cc as external dependency cce:/internal/x/cc-fu/sorting.
16:53:13 debug: Resolve cce:/internal/x/cc-fu/animation from cce:/internal/x/cc as external dependency cce:/internal/x/cc-fu/animation.
16:53:13 debug: Resolve cce:/internal/x/cc-fu/audio from cce:/internal/x/cc as external dependency cce:/internal/x/cc-fu/audio.
16:53:13 debug: Resolve cce:/internal/x/cc-fu/base from cce:/internal/x/cc as external dependency cce:/internal/x/cc-fu/base.
16:53:13 debug: Resolve cce:/internal/x/cc-fu/custom-pipeline from cce:/internal/x/cc as external dependency cce:/internal/x/cc-fu/custom-pipeline.
16:53:13 debug: Resolve cce:/internal/x/cc-fu/dragon-bones from cce:/internal/x/cc as external dependency cce:/internal/x/cc-fu/dragon-bones.
16:53:13 debug: Resolve cce:/internal/x/cc-fu/gfx-webgl from cce:/internal/x/cc as external dependency cce:/internal/x/cc-fu/gfx-webgl.
16:53:13 debug: Resolve cce:/internal/x/cc-fu/gfx-webgl2 from cce:/internal/x/cc as external dependency cce:/internal/x/cc-fu/gfx-webgl2.
16:53:13 debug: Resolve cce:/internal/x/cc-fu/intersection-2d from cce:/internal/x/cc as external dependency cce:/internal/x/cc-fu/intersection-2d.
16:53:13 debug: Resolve cce:/internal/x/cc-fu/particle-2d from cce:/internal/x/cc as external dependency cce:/internal/x/cc-fu/particle-2d.
16:53:13 debug: Resolve cce:/internal/x/cc-fu/physics-2d-box2d from cce:/internal/x/cc as external dependency cce:/internal/x/cc-fu/physics-2d-box2d.
16:53:13 debug: Resolve cce:/internal/x/cc-fu/physics-2d-framework from cce:/internal/x/cc as external dependency cce:/internal/x/cc-fu/physics-2d-framework.
16:53:13 debug: Resolve cce:/internal/x/cc-fu/profiler from cce:/internal/x/cc as external dependency cce:/internal/x/cc-fu/profiler.
16:53:13 debug: Resolve cce:/internal/x/cc-fu/spine from cce:/internal/x/cc as external dependency cce:/internal/x/cc-fu/spine.
16:53:13 debug: Resolve cce:/internal/x/cc-fu/tiled-map from cce:/internal/x/cc as external dependency cce:/internal/x/cc-fu/tiled-map.
16:53:13 debug: Resolve cce:/internal/x/cc-fu/tween from cce:/internal/x/cc as external dependency cce:/internal/x/cc-fu/tween.
16:53:13 debug: Resolve cce:/internal/x/cc-fu/ui from cce:/internal/x/cc as external dependency cce:/internal/x/cc-fu/ui.
16:53:13 debug: Resolve cce:/internal/x/cc-fu/video from cce:/internal/x/cc as external dependency cce:/internal/x/cc-fu/video.
16:53:13 debug: Resolve cce:/internal/x/cc-fu/webview from cce:/internal/x/cc as external dependency cce:/internal/x/cc-fu/webview.
16:53:13 debug: Detected change: cce:/internal/x/prerequisite-imports. Last mtime: Thu Jan 01 1970 08:00:04 GMT+0800 (台北標準時間), Current mtime: Thu Jan 01 1970 08:00:04 GMT+0800 (台北標準時間)
16:53:13 debug: Inspect cce:/internal/x/prerequisite-imports
16:53:13 debug: Resolve file:///Applications/Cocos/Creator/3.8.4/CocosCreator.app/Contents/Resources/resources/3d/engine/editor/assets/default_renderpipeline/builtin-pipeline-settings.ts from cce:/internal/x/prerequisite-imports as file:///Applications/Cocos/Creator/3.8.4/CocosCreator.app/Contents/Resources/resources/3d/engine/editor/assets/default_renderpipeline/builtin-pipeline-settings.ts.
16:53:13 debug: Resolve cce:/internal/code-quality/cr.mjs from file:///Applications/Cocos/Creator/3.8.4/CocosCreator.app/Contents/Resources/resources/3d/engine/editor/assets/default_renderpipeline/builtin-pipeline-settings.ts as cce:/internal/code-quality/cr.mjs.
16:53:13 debug: Detected change: cce:/internal/code-quality/cr.mjs. Last mtime: Thu Jan 09 2025 16:38:21 GMT+0800 (台北標準時間), Current mtime: Thu Jan 09 2025 16:53:09 GMT+0800 (台北標準時間)
16:53:13 debug: Inspect cce:/internal/code-quality/cr.mjs
16:53:13 debug: Resolve cc from file:///Applications/Cocos/Creator/3.8.4/CocosCreator.app/Contents/Resources/resources/3d/engine/editor/assets/default_renderpipeline/builtin-pipeline-settings.ts as cce:/internal/x/cc.
16:53:13 debug: Resolve cc from file:///Applications/Cocos/Creator/3.8.4/CocosCreator.app/Contents/Resources/resources/3d/engine/editor/assets/default_renderpipeline/builtin-pipeline-settings.ts as cce:/internal/x/cc.
16:53:13 debug: Resolve cc from file:///Applications/Cocos/Creator/3.8.4/CocosCreator.app/Contents/Resources/resources/3d/engine/editor/assets/default_renderpipeline/builtin-pipeline-settings.ts as cce:/internal/x/cc.
16:53:13 debug: Resolve cc/env from file:///Applications/Cocos/Creator/3.8.4/CocosCreator.app/Contents/Resources/resources/3d/engine/editor/assets/default_renderpipeline/builtin-pipeline-settings.ts as external dependency cc/env.
16:53:13 debug: Resolve ./builtin-pipeline-types from file:///Applications/Cocos/Creator/3.8.4/CocosCreator.app/Contents/Resources/resources/3d/engine/editor/assets/default_renderpipeline/builtin-pipeline-settings.ts as file:///Applications/Cocos/Creator/3.8.4/CocosCreator.app/Contents/Resources/resources/3d/engine/editor/assets/default_renderpipeline/builtin-pipeline-types.ts.
16:53:13 debug: Resolve cc from file:///Applications/Cocos/Creator/3.8.4/CocosCreator.app/Contents/Resources/resources/3d/engine/editor/assets/default_renderpipeline/builtin-pipeline-types.ts as cce:/internal/x/cc.
16:53:13 debug: Resolve cc from file:///Applications/Cocos/Creator/3.8.4/CocosCreator.app/Contents/Resources/resources/3d/engine/editor/assets/default_renderpipeline/builtin-pipeline-types.ts as cce:/internal/x/cc.
16:53:13 debug: Resolve cc from file:///Applications/Cocos/Creator/3.8.4/CocosCreator.app/Contents/Resources/resources/3d/engine/editor/assets/default_renderpipeline/builtin-pipeline-types.ts as cce:/internal/x/cc.
16:53:13 debug: Resolve file:///Applications/Cocos/Creator/3.8.4/CocosCreator.app/Contents/Resources/resources/3d/engine/editor/assets/default_renderpipeline/builtin-pipeline-types.ts from cce:/internal/x/prerequisite-imports as file:///Applications/Cocos/Creator/3.8.4/CocosCreator.app/Contents/Resources/resources/3d/engine/editor/assets/default_renderpipeline/builtin-pipeline-types.ts.
16:53:13 debug: Resolve file:///Applications/Cocos/Creator/3.8.4/CocosCreator.app/Contents/Resources/resources/3d/engine/editor/assets/default_renderpipeline/builtin-pipeline.ts from cce:/internal/x/prerequisite-imports as file:///Applications/Cocos/Creator/3.8.4/CocosCreator.app/Contents/Resources/resources/3d/engine/editor/assets/default_renderpipeline/builtin-pipeline.ts.
16:53:13 debug: Resolve cce:/internal/code-quality/cr.mjs from file:///Applications/Cocos/Creator/3.8.4/CocosCreator.app/Contents/Resources/resources/3d/engine/editor/assets/default_renderpipeline/builtin-pipeline.ts as cce:/internal/code-quality/cr.mjs.
16:53:13 debug: Resolve cc from file:///Applications/Cocos/Creator/3.8.4/CocosCreator.app/Contents/Resources/resources/3d/engine/editor/assets/default_renderpipeline/builtin-pipeline.ts as cce:/internal/x/cc.
16:53:13 debug: Resolve cc from file:///Applications/Cocos/Creator/3.8.4/CocosCreator.app/Contents/Resources/resources/3d/engine/editor/assets/default_renderpipeline/builtin-pipeline.ts as cce:/internal/x/cc.
16:53:13 debug: Resolve cc/env from file:///Applications/Cocos/Creator/3.8.4/CocosCreator.app/Contents/Resources/resources/3d/engine/editor/assets/default_renderpipeline/builtin-pipeline.ts as external dependency cc/env.
16:53:13 debug: Resolve cc from file:///Applications/Cocos/Creator/3.8.4/CocosCreator.app/Contents/Resources/resources/3d/engine/editor/assets/default_renderpipeline/builtin-pipeline.ts as cce:/internal/x/cc.
16:53:13 debug: Resolve ./builtin-pipeline-types from file:///Applications/Cocos/Creator/3.8.4/CocosCreator.app/Contents/Resources/resources/3d/engine/editor/assets/default_renderpipeline/builtin-pipeline.ts as file:///Applications/Cocos/Creator/3.8.4/CocosCreator.app/Contents/Resources/resources/3d/engine/editor/assets/default_renderpipeline/builtin-pipeline-types.ts.
16:53:13 debug: Resolve file:///Applications/Cocos/Creator/3.8.4/CocosCreator.app/Contents/Resources/resources/3d/engine/editor/assets/tools/debug-view-runtime-control.ts from cce:/internal/x/prerequisite-imports as file:///Applications/Cocos/Creator/3.8.4/CocosCreator.app/Contents/Resources/resources/3d/engine/editor/assets/tools/debug-view-runtime-control.ts.
16:53:13 debug: Resolve cc from file:///Applications/Cocos/Creator/3.8.4/CocosCreator.app/Contents/Resources/resources/3d/engine/editor/assets/tools/debug-view-runtime-control.ts as cce:/internal/x/cc.
16:53:13 debug: Resolve cc from file:///Applications/Cocos/Creator/3.8.4/CocosCreator.app/Contents/Resources/resources/3d/engine/editor/assets/tools/debug-view-runtime-control.ts as cce:/internal/x/cc.
16:53:13 debug: Resolve cc from file:///Applications/Cocos/Creator/3.8.4/CocosCreator.app/Contents/Resources/resources/3d/engine/editor/assets/tools/debug-view-runtime-control.ts as cce:/internal/x/cc.
16:53:13 debug: Resolve file:///Users/neil/Documents/Neil/AirPlaneShootGame/assets/Scripts/Background.ts from cce:/internal/x/prerequisite-imports as file:///Users/neil/Documents/Neil/AirPlaneShootGame/assets/Scripts/Background.ts.
16:53:13 debug: Resolve cc from file:///Users/neil/Documents/Neil/AirPlaneShootGame/assets/Scripts/Background.ts as cce:/internal/x/cc.
16:53:13 debug: Resolve cc from file:///Users/neil/Documents/Neil/AirPlaneShootGame/assets/Scripts/Background.ts as cce:/internal/x/cc.
16:53:13 debug: Resolve cc from file:///Users/neil/Documents/Neil/AirPlaneShootGame/assets/Scripts/Background.ts as cce:/internal/x/cc.
16:53:13 debug: Resolve file:///Users/neil/Documents/Neil/AirPlaneShootGame/assets/Scripts/Bullet.ts from cce:/internal/x/prerequisite-imports as file:///Users/neil/Documents/Neil/AirPlaneShootGame/assets/Scripts/Bullet.ts.
16:53:13 debug: Resolve cc from file:///Users/neil/Documents/Neil/AirPlaneShootGame/assets/Scripts/Bullet.ts as cce:/internal/x/cc.
16:53:13 debug: Resolve cc from file:///Users/neil/Documents/Neil/AirPlaneShootGame/assets/Scripts/Bullet.ts as cce:/internal/x/cc.
16:53:13 debug: Resolve cc from file:///Users/neil/Documents/Neil/AirPlaneShootGame/assets/Scripts/Bullet.ts as cce:/internal/x/cc.
16:53:13 debug: Resolve file:///Users/neil/Documents/Neil/AirPlaneShootGame/assets/Scripts/Player.ts from cce:/internal/x/prerequisite-imports as file:///Users/neil/Documents/Neil/AirPlaneShootGame/assets/Scripts/Player.ts.
16:53:13 debug: Resolve cc from file:///Users/neil/Documents/Neil/AirPlaneShootGame/assets/Scripts/Player.ts as cce:/internal/x/cc.
16:53:13 debug: Resolve cc from file:///Users/neil/Documents/Neil/AirPlaneShootGame/assets/Scripts/Player.ts as cce:/internal/x/cc.
16:53:13 debug: Resolve cc from file:///Users/neil/Documents/Neil/AirPlaneShootGame/assets/Scripts/Player.ts as cce:/internal/x/cc.
16:53:13 debug: Resolve file:///Users/neil/Documents/Neil/AirPlaneShootGame/assets/Scripts/StartUI.ts from cce:/internal/x/prerequisite-imports as file:///Users/neil/Documents/Neil/AirPlaneShootGame/assets/Scripts/StartUI.ts.
16:53:13 debug: Resolve cc from file:///Users/neil/Documents/Neil/AirPlaneShootGame/assets/Scripts/StartUI.ts as cce:/internal/x/cc.
16:53:13 debug: Resolve cc from file:///Users/neil/Documents/Neil/AirPlaneShootGame/assets/Scripts/StartUI.ts as cce:/internal/x/cc.
16:53:13 debug: Resolve cc from file:///Users/neil/Documents/Neil/AirPlaneShootGame/assets/Scripts/StartUI.ts as cce:/internal/x/cc.
16:53:13 debug: Target(preview) ends with cost 43.812959000468254ms.
16:53:13 debug: Pulling asset-db.
16:53:13 debug: Fetch asset-db cost: 233.32433299720287ms.
16:53:13 debug: Build iteration starts.
Number of accumulated asset changes: 8
Feature changed: false
16:53:13 debug: Target(editor) build started.
16:53:13 debug: Detected change: cce:/internal/x/prerequisite-imports. Last mtime: Thu Jan 01 1970 08:00:03 GMT+0800 (台北標準時間), Current mtime: Thu Jan 01 1970 08:00:04 GMT+0800 (台北標準時間)
16:53:13 debug: Inspect cce:/internal/x/prerequisite-imports
16:53:13 debug: Resolve file:///Applications/Cocos/Creator/3.8.4/CocosCreator.app/Contents/Resources/resources/3d/engine/editor/assets/default_renderpipeline/builtin-pipeline-settings.ts from cce:/internal/x/prerequisite-imports as file:///Applications/Cocos/Creator/3.8.4/CocosCreator.app/Contents/Resources/resources/3d/engine/editor/assets/default_renderpipeline/builtin-pipeline-settings.ts.
16:53:13 debug: Resolve file:///Applications/Cocos/Creator/3.8.4/CocosCreator.app/Contents/Resources/resources/3d/engine/editor/assets/default_renderpipeline/builtin-pipeline-types.ts from cce:/internal/x/prerequisite-imports as file:///Applications/Cocos/Creator/3.8.4/CocosCreator.app/Contents/Resources/resources/3d/engine/editor/assets/default_renderpipeline/builtin-pipeline-types.ts.
16:53:13 debug: Resolve file:///Applications/Cocos/Creator/3.8.4/CocosCreator.app/Contents/Resources/resources/3d/engine/editor/assets/default_renderpipeline/builtin-pipeline.ts from cce:/internal/x/prerequisite-imports as file:///Applications/Cocos/Creator/3.8.4/CocosCreator.app/Contents/Resources/resources/3d/engine/editor/assets/default_renderpipeline/builtin-pipeline.ts.
16:53:13 debug: Resolve file:///Applications/Cocos/Creator/3.8.4/CocosCreator.app/Contents/Resources/resources/3d/engine/editor/assets/tools/debug-view-runtime-control.ts from cce:/internal/x/prerequisite-imports as file:///Applications/Cocos/Creator/3.8.4/CocosCreator.app/Contents/Resources/resources/3d/engine/editor/assets/tools/debug-view-runtime-control.ts.
16:53:13 debug: Resolve file:///Users/neil/Documents/Neil/AirPlaneShootGame/assets/Scripts/Background.ts from cce:/internal/x/prerequisite-imports as file:///Users/neil/Documents/Neil/AirPlaneShootGame/assets/Scripts/Background.ts.
16:53:13 debug: Resolve file:///Users/neil/Documents/Neil/AirPlaneShootGame/assets/Scripts/Bullet.ts from cce:/internal/x/prerequisite-imports as file:///Users/neil/Documents/Neil/AirPlaneShootGame/assets/Scripts/Bullet.ts.
16:53:13 debug: Resolve file:///Users/neil/Documents/Neil/AirPlaneShootGame/assets/Scripts/Player.ts from cce:/internal/x/prerequisite-imports as file:///Users/neil/Documents/Neil/AirPlaneShootGame/assets/Scripts/Player.ts.
16:53:13 debug: Resolve file:///Users/neil/Documents/Neil/AirPlaneShootGame/assets/Scripts/StartUI.ts from cce:/internal/x/prerequisite-imports as file:///Users/neil/Documents/Neil/AirPlaneShootGame/assets/Scripts/StartUI.ts.
16:53:13 debug: Target(editor) ends with cost 13.58474999666214ms.
16:53:13 debug: Target(preview) build started.
16:53:13 debug: Detected change: cce:/internal/x/prerequisite-imports. Last mtime: Thu Jan 01 1970 08:00:04 GMT+0800 (台北標準時間), Current mtime: Thu Jan 01 1970 08:00:04 GMT+0800 (台北標準時間)
16:53:13 debug: Inspect cce:/internal/x/prerequisite-imports
16:53:13 debug: Resolve file:///Applications/Cocos/Creator/3.8.4/CocosCreator.app/Contents/Resources/resources/3d/engine/editor/assets/default_renderpipeline/builtin-pipeline-settings.ts from cce:/internal/x/prerequisite-imports as file:///Applications/Cocos/Creator/3.8.4/CocosCreator.app/Contents/Resources/resources/3d/engine/editor/assets/default_renderpipeline/builtin-pipeline-settings.ts.
16:53:13 debug: Resolve file:///Applications/Cocos/Creator/3.8.4/CocosCreator.app/Contents/Resources/resources/3d/engine/editor/assets/default_renderpipeline/builtin-pipeline-types.ts from cce:/internal/x/prerequisite-imports as file:///Applications/Cocos/Creator/3.8.4/CocosCreator.app/Contents/Resources/resources/3d/engine/editor/assets/default_renderpipeline/builtin-pipeline-types.ts.
16:53:13 debug: Resolve file:///Applications/Cocos/Creator/3.8.4/CocosCreator.app/Contents/Resources/resources/3d/engine/editor/assets/default_renderpipeline/builtin-pipeline.ts from cce:/internal/x/prerequisite-imports as file:///Applications/Cocos/Creator/3.8.4/CocosCreator.app/Contents/Resources/resources/3d/engine/editor/assets/default_renderpipeline/builtin-pipeline.ts.
16:53:13 debug: Resolve file:///Applications/Cocos/Creator/3.8.4/CocosCreator.app/Contents/Resources/resources/3d/engine/editor/assets/tools/debug-view-runtime-control.ts from cce:/internal/x/prerequisite-imports as file:///Applications/Cocos/Creator/3.8.4/CocosCreator.app/Contents/Resources/resources/3d/engine/editor/assets/tools/debug-view-runtime-control.ts.
16:53:13 debug: Resolve file:///Users/neil/Documents/Neil/AirPlaneShootGame/assets/Scripts/Background.ts from cce:/internal/x/prerequisite-imports as file:///Users/neil/Documents/Neil/AirPlaneShootGame/assets/Scripts/Background.ts.
16:53:13 debug: Resolve file:///Users/neil/Documents/Neil/AirPlaneShootGame/assets/Scripts/Bullet.ts from cce:/internal/x/prerequisite-imports as file:///Users/neil/Documents/Neil/AirPlaneShootGame/assets/Scripts/Bullet.ts.
16:53:13 debug: Resolve file:///Users/neil/Documents/Neil/AirPlaneShootGame/assets/Scripts/Player.ts from cce:/internal/x/prerequisite-imports as file:///Users/neil/Documents/Neil/AirPlaneShootGame/assets/Scripts/Player.ts.
16:53:13 debug: Resolve file:///Users/neil/Documents/Neil/AirPlaneShootGame/assets/Scripts/StartUI.ts from cce:/internal/x/prerequisite-imports as file:///Users/neil/Documents/Neil/AirPlaneShootGame/assets/Scripts/StartUI.ts.
16:53:13 debug: Target(preview) ends with cost 15.161624997854233ms.
11:51:27 debug: Dispatch build request for time accumulated 1 asset changes.
11:51:27 debug: Build iteration starts.
Number of accumulated asset changes: 1
Feature changed: false
11:51:27 debug: Target(editor) build started.
11:51:27 debug: Detected change: cce:/internal/x/prerequisite-imports. Last mtime: Thu Jan 01 1970 08:00:04 GMT+0800 (台北標準時間), Current mtime: Fri Jan 02 1970 02:58:18 GMT+0800 (台北標準時間)
11:51:27 debug: Inspect cce:/internal/x/prerequisite-imports
11:51:27 debug: Resolve file:///Applications/Cocos/Creator/3.8.4/CocosCreator.app/Contents/Resources/resources/3d/engine/editor/assets/default_renderpipeline/builtin-pipeline-settings.ts from cce:/internal/x/prerequisite-imports as file:///Applications/Cocos/Creator/3.8.4/CocosCreator.app/Contents/Resources/resources/3d/engine/editor/assets/default_renderpipeline/builtin-pipeline-settings.ts.
11:51:27 debug: Resolve file:///Applications/Cocos/Creator/3.8.4/CocosCreator.app/Contents/Resources/resources/3d/engine/editor/assets/default_renderpipeline/builtin-pipeline-types.ts from cce:/internal/x/prerequisite-imports as file:///Applications/Cocos/Creator/3.8.4/CocosCreator.app/Contents/Resources/resources/3d/engine/editor/assets/default_renderpipeline/builtin-pipeline-types.ts.
11:51:27 debug: Resolve file:///Applications/Cocos/Creator/3.8.4/CocosCreator.app/Contents/Resources/resources/3d/engine/editor/assets/default_renderpipeline/builtin-pipeline.ts from cce:/internal/x/prerequisite-imports as file:///Applications/Cocos/Creator/3.8.4/CocosCreator.app/Contents/Resources/resources/3d/engine/editor/assets/default_renderpipeline/builtin-pipeline.ts.
11:51:27 debug: Resolve file:///Applications/Cocos/Creator/3.8.4/CocosCreator.app/Contents/Resources/resources/3d/engine/editor/assets/tools/debug-view-runtime-control.ts from cce:/internal/x/prerequisite-imports as file:///Applications/Cocos/Creator/3.8.4/CocosCreator.app/Contents/Resources/resources/3d/engine/editor/assets/tools/debug-view-runtime-control.ts.
11:51:27 debug: Resolve file:///Users/neil/Documents/Neil/AirPlaneShootGame/assets/Scripts/Background.ts from cce:/internal/x/prerequisite-imports as file:///Users/neil/Documents/Neil/AirPlaneShootGame/assets/Scripts/Background.ts.
11:51:27 debug: Resolve file:///Users/neil/Documents/Neil/AirPlaneShootGame/assets/Scripts/Bullet.ts from cce:/internal/x/prerequisite-imports as file:///Users/neil/Documents/Neil/AirPlaneShootGame/assets/Scripts/Bullet.ts.
11:51:27 debug: Resolve file:///Users/neil/Documents/Neil/AirPlaneShootGame/assets/Scripts/Player.ts from cce:/internal/x/prerequisite-imports as file:///Users/neil/Documents/Neil/AirPlaneShootGame/assets/Scripts/Player.ts.
11:51:27 debug: Detected change: file:///Users/neil/Documents/Neil/AirPlaneShootGame/assets/Scripts/Player.ts. Last mtime: Thu Jan 09 2025 16:27:22 GMT+0800 (台北標準時間)@ee35bd1e-1959-4f2a-b750-a3608047e425, Current mtime: Fri Jan 10 2025 11:46:07 GMT+0800 (台北標準時間)@ee35bd1e-1959-4f2a-b750-a3608047e425
11:51:27 debug: Inspect file:///Users/neil/Documents/Neil/AirPlaneShootGame/assets/Scripts/Player.ts
11:51:27 debug: Resolve cc from file:///Users/neil/Documents/Neil/AirPlaneShootGame/assets/Scripts/Player.ts as cce:/internal/x/cc.
11:51:27 debug: Resolve cc from file:///Users/neil/Documents/Neil/AirPlaneShootGame/assets/Scripts/Player.ts as cce:/internal/x/cc.
11:51:27 debug: Resolve cc from file:///Users/neil/Documents/Neil/AirPlaneShootGame/assets/Scripts/Player.ts as cce:/internal/x/cc.
11:51:27 debug: Resolve file:///Users/neil/Documents/Neil/AirPlaneShootGame/assets/Scripts/StartUI.ts from cce:/internal/x/prerequisite-imports as file:///Users/neil/Documents/Neil/AirPlaneShootGame/assets/Scripts/StartUI.ts.
11:51:27 debug: Target(editor) ends with cost 73.03391599655151ms.
11:51:27 debug: Target(preview) build started.
11:51:27 debug: Detected change: cce:/internal/x/prerequisite-imports. Last mtime: Thu Jan 01 1970 08:00:04 GMT+0800 (台北標準時間), Current mtime: Fri Jan 02 1970 02:58:18 GMT+0800 (台北標準時間)
11:51:27 debug: Inspect cce:/internal/x/prerequisite-imports
11:51:27 debug: Resolve file:///Applications/Cocos/Creator/3.8.4/CocosCreator.app/Contents/Resources/resources/3d/engine/editor/assets/default_renderpipeline/builtin-pipeline-settings.ts from cce:/internal/x/prerequisite-imports as file:///Applications/Cocos/Creator/3.8.4/CocosCreator.app/Contents/Resources/resources/3d/engine/editor/assets/default_renderpipeline/builtin-pipeline-settings.ts.
11:51:27 debug: Resolve file:///Applications/Cocos/Creator/3.8.4/CocosCreator.app/Contents/Resources/resources/3d/engine/editor/assets/default_renderpipeline/builtin-pipeline-types.ts from cce:/internal/x/prerequisite-imports as file:///Applications/Cocos/Creator/3.8.4/CocosCreator.app/Contents/Resources/resources/3d/engine/editor/assets/default_renderpipeline/builtin-pipeline-types.ts.
11:51:27 debug: Resolve file:///Applications/Cocos/Creator/3.8.4/CocosCreator.app/Contents/Resources/resources/3d/engine/editor/assets/default_renderpipeline/builtin-pipeline.ts from cce:/internal/x/prerequisite-imports as file:///Applications/Cocos/Creator/3.8.4/CocosCreator.app/Contents/Resources/resources/3d/engine/editor/assets/default_renderpipeline/builtin-pipeline.ts.
11:51:27 debug: Resolve file:///Applications/Cocos/Creator/3.8.4/CocosCreator.app/Contents/Resources/resources/3d/engine/editor/assets/tools/debug-view-runtime-control.ts from cce:/internal/x/prerequisite-imports as file:///Applications/Cocos/Creator/3.8.4/CocosCreator.app/Contents/Resources/resources/3d/engine/editor/assets/tools/debug-view-runtime-control.ts.
11:51:27 debug: Resolve file:///Users/neil/Documents/Neil/AirPlaneShootGame/assets/Scripts/Background.ts from cce:/internal/x/prerequisite-imports as file:///Users/neil/Documents/Neil/AirPlaneShootGame/assets/Scripts/Background.ts.
11:51:27 debug: Resolve file:///Users/neil/Documents/Neil/AirPlaneShootGame/assets/Scripts/Bullet.ts from cce:/internal/x/prerequisite-imports as file:///Users/neil/Documents/Neil/AirPlaneShootGame/assets/Scripts/Bullet.ts.
11:51:27 debug: Resolve file:///Users/neil/Documents/Neil/AirPlaneShootGame/assets/Scripts/Player.ts from cce:/internal/x/prerequisite-imports as file:///Users/neil/Documents/Neil/AirPlaneShootGame/assets/Scripts/Player.ts.
11:51:27 debug: Detected change: file:///Users/neil/Documents/Neil/AirPlaneShootGame/assets/Scripts/Player.ts. Last mtime: Thu Jan 09 2025 16:27:22 GMT+0800 (台北標準時間)@ee35bd1e-1959-4f2a-b750-a3608047e425, Current mtime: Fri Jan 10 2025 11:46:07 GMT+0800 (台北標準時間)@ee35bd1e-1959-4f2a-b750-a3608047e425
11:51:27 debug: Inspect file:///Users/neil/Documents/Neil/AirPlaneShootGame/assets/Scripts/Player.ts
11:51:27 debug: Resolve cc from file:///Users/neil/Documents/Neil/AirPlaneShootGame/assets/Scripts/Player.ts as cce:/internal/x/cc.
11:51:27 debug: Resolve cc from file:///Users/neil/Documents/Neil/AirPlaneShootGame/assets/Scripts/Player.ts as cce:/internal/x/cc.
11:51:27 debug: Resolve cc from file:///Users/neil/Documents/Neil/AirPlaneShootGame/assets/Scripts/Player.ts as cce:/internal/x/cc.
11:51:27 debug: Resolve file:///Users/neil/Documents/Neil/AirPlaneShootGame/assets/Scripts/StartUI.ts from cce:/internal/x/prerequisite-imports as file:///Users/neil/Documents/Neil/AirPlaneShootGame/assets/Scripts/StartUI.ts.
11:51:27 debug: Target(preview) ends with cost 49.02529200911522ms.
12:24:06 debug: Dispatch build request for time accumulated 1 asset changes.
12:24:06 debug: Build iteration starts.
Number of accumulated asset changes: 1
Feature changed: false
12:24:06 debug: Target(editor) build started.
12:24:06 debug: Detected change: cce:/internal/x/prerequisite-imports. Last mtime: Fri Jan 02 1970 02:58:18 GMT+0800 (台北標準時間), Current mtime: Fri Jan 02 1970 03:30:58 GMT+0800 (台北標準時間)
12:24:06 debug: Inspect cce:/internal/x/prerequisite-imports
12:24:06 debug: Resolve file:///Applications/Cocos/Creator/3.8.4/CocosCreator.app/Contents/Resources/resources/3d/engine/editor/assets/default_renderpipeline/builtin-pipeline-settings.ts from cce:/internal/x/prerequisite-imports as file:///Applications/Cocos/Creator/3.8.4/CocosCreator.app/Contents/Resources/resources/3d/engine/editor/assets/default_renderpipeline/builtin-pipeline-settings.ts.
12:24:06 debug: Resolve file:///Applications/Cocos/Creator/3.8.4/CocosCreator.app/Contents/Resources/resources/3d/engine/editor/assets/default_renderpipeline/builtin-pipeline-types.ts from cce:/internal/x/prerequisite-imports as file:///Applications/Cocos/Creator/3.8.4/CocosCreator.app/Contents/Resources/resources/3d/engine/editor/assets/default_renderpipeline/builtin-pipeline-types.ts.
12:24:06 debug: Resolve file:///Applications/Cocos/Creator/3.8.4/CocosCreator.app/Contents/Resources/resources/3d/engine/editor/assets/default_renderpipeline/builtin-pipeline.ts from cce:/internal/x/prerequisite-imports as file:///Applications/Cocos/Creator/3.8.4/CocosCreator.app/Contents/Resources/resources/3d/engine/editor/assets/default_renderpipeline/builtin-pipeline.ts.
12:24:06 debug: Resolve file:///Applications/Cocos/Creator/3.8.4/CocosCreator.app/Contents/Resources/resources/3d/engine/editor/assets/tools/debug-view-runtime-control.ts from cce:/internal/x/prerequisite-imports as file:///Applications/Cocos/Creator/3.8.4/CocosCreator.app/Contents/Resources/resources/3d/engine/editor/assets/tools/debug-view-runtime-control.ts.
12:24:06 debug: Resolve file:///Users/neil/Documents/Neil/AirPlaneShootGame/assets/Scripts/Background.ts from cce:/internal/x/prerequisite-imports as file:///Users/neil/Documents/Neil/AirPlaneShootGame/assets/Scripts/Background.ts.
12:24:06 debug: Resolve file:///Users/neil/Documents/Neil/AirPlaneShootGame/assets/Scripts/Bullet.ts from cce:/internal/x/prerequisite-imports as file:///Users/neil/Documents/Neil/AirPlaneShootGame/assets/Scripts/Bullet.ts.
12:24:06 debug: Resolve file:///Users/neil/Documents/Neil/AirPlaneShootGame/assets/Scripts/Player.ts from cce:/internal/x/prerequisite-imports as file:///Users/neil/Documents/Neil/AirPlaneShootGame/assets/Scripts/Player.ts.
12:24:06 debug: Detected change: file:///Users/neil/Documents/Neil/AirPlaneShootGame/assets/Scripts/Player.ts. Last mtime: Fri Jan 10 2025 11:46:07 GMT+0800 (台北標準時間)@ee35bd1e-1959-4f2a-b750-a3608047e425, Current mtime: Fri Jan 10 2025 12:20:53 GMT+0800 (台北標準時間)@ee35bd1e-1959-4f2a-b750-a3608047e425
12:24:06 debug: Inspect file:///Users/neil/Documents/Neil/AirPlaneShootGame/assets/Scripts/Player.ts
12:24:06 debug: Resolve cc from file:///Users/neil/Documents/Neil/AirPlaneShootGame/assets/Scripts/Player.ts as cce:/internal/x/cc.
12:24:06 debug: Resolve cc from file:///Users/neil/Documents/Neil/AirPlaneShootGame/assets/Scripts/Player.ts as cce:/internal/x/cc.
12:24:06 debug: Resolve cc from file:///Users/neil/Documents/Neil/AirPlaneShootGame/assets/Scripts/Player.ts as cce:/internal/x/cc.
12:24:06 debug: Resolve file:///Users/neil/Documents/Neil/AirPlaneShootGame/assets/Scripts/StartUI.ts from cce:/internal/x/prerequisite-imports as file:///Users/neil/Documents/Neil/AirPlaneShootGame/assets/Scripts/StartUI.ts.
12:24:06 debug: Target(editor) ends with cost 44.83391600847244ms.
12:24:06 debug: Target(preview) build started.
12:24:06 debug: Detected change: cce:/internal/x/prerequisite-imports. Last mtime: Fri Jan 02 1970 02:58:18 GMT+0800 (台北標準時間), Current mtime: Fri Jan 02 1970 03:30:58 GMT+0800 (台北標準時間)
12:24:06 debug: Inspect cce:/internal/x/prerequisite-imports
12:24:06 debug: Resolve file:///Applications/Cocos/Creator/3.8.4/CocosCreator.app/Contents/Resources/resources/3d/engine/editor/assets/default_renderpipeline/builtin-pipeline-settings.ts from cce:/internal/x/prerequisite-imports as file:///Applications/Cocos/Creator/3.8.4/CocosCreator.app/Contents/Resources/resources/3d/engine/editor/assets/default_renderpipeline/builtin-pipeline-settings.ts.
12:24:06 debug: Resolve file:///Applications/Cocos/Creator/3.8.4/CocosCreator.app/Contents/Resources/resources/3d/engine/editor/assets/default_renderpipeline/builtin-pipeline-types.ts from cce:/internal/x/prerequisite-imports as file:///Applications/Cocos/Creator/3.8.4/CocosCreator.app/Contents/Resources/resources/3d/engine/editor/assets/default_renderpipeline/builtin-pipeline-types.ts.
12:24:06 debug: Resolve file:///Applications/Cocos/Creator/3.8.4/CocosCreator.app/Contents/Resources/resources/3d/engine/editor/assets/default_renderpipeline/builtin-pipeline.ts from cce:/internal/x/prerequisite-imports as file:///Applications/Cocos/Creator/3.8.4/CocosCreator.app/Contents/Resources/resources/3d/engine/editor/assets/default_renderpipeline/builtin-pipeline.ts.
12:24:06 debug: Resolve file:///Applications/Cocos/Creator/3.8.4/CocosCreator.app/Contents/Resources/resources/3d/engine/editor/assets/tools/debug-view-runtime-control.ts from cce:/internal/x/prerequisite-imports as file:///Applications/Cocos/Creator/3.8.4/CocosCreator.app/Contents/Resources/resources/3d/engine/editor/assets/tools/debug-view-runtime-control.ts.
12:24:06 debug: Resolve file:///Users/neil/Documents/Neil/AirPlaneShootGame/assets/Scripts/Background.ts from cce:/internal/x/prerequisite-imports as file:///Users/neil/Documents/Neil/AirPlaneShootGame/assets/Scripts/Background.ts.
12:24:06 debug: Resolve file:///Users/neil/Documents/Neil/AirPlaneShootGame/assets/Scripts/Bullet.ts from cce:/internal/x/prerequisite-imports as file:///Users/neil/Documents/Neil/AirPlaneShootGame/assets/Scripts/Bullet.ts.
12:24:06 debug: Resolve file:///Users/neil/Documents/Neil/AirPlaneShootGame/assets/Scripts/Player.ts from cce:/internal/x/prerequisite-imports as file:///Users/neil/Documents/Neil/AirPlaneShootGame/assets/Scripts/Player.ts.
12:24:06 debug: Detected change: file:///Users/neil/Documents/Neil/AirPlaneShootGame/assets/Scripts/Player.ts. Last mtime: Fri Jan 10 2025 11:46:07 GMT+0800 (台北標準時間)@ee35bd1e-1959-4f2a-b750-a3608047e425, Current mtime: Fri Jan 10 2025 12:20:53 GMT+0800 (台北標準時間)@ee35bd1e-1959-4f2a-b750-a3608047e425
12:24:06 debug: Inspect file:///Users/neil/Documents/Neil/AirPlaneShootGame/assets/Scripts/Player.ts
12:24:07 debug: Resolve cc from file:///Users/neil/Documents/Neil/AirPlaneShootGame/assets/Scripts/Player.ts as cce:/internal/x/cc.
12:24:07 debug: Resolve cc from file:///Users/neil/Documents/Neil/AirPlaneShootGame/assets/Scripts/Player.ts as cce:/internal/x/cc.
12:24:07 debug: Resolve cc from file:///Users/neil/Documents/Neil/AirPlaneShootGame/assets/Scripts/Player.ts as cce:/internal/x/cc.
12:24:07 debug: Resolve file:///Users/neil/Documents/Neil/AirPlaneShootGame/assets/Scripts/StartUI.ts from cce:/internal/x/prerequisite-imports as file:///Users/neil/Documents/Neil/AirPlaneShootGame/assets/Scripts/StartUI.ts.
12:24:07 debug: Target(preview) ends with cost 40.29595798254013ms.
14:26:00 debug: Dispatch build request for time accumulated 1 asset changes.
14:26:00 debug: Build iteration starts.
Number of accumulated asset changes: 1
Feature changed: false
14:26:00 debug: Target(editor) build started.
14:26:00 debug: Detected change: cce:/internal/x/prerequisite-imports. Last mtime: Fri Jan 02 1970 03:30:58 GMT+0800 (台北標準時間), Current mtime: Fri Jan 02 1970 05:32:51 GMT+0800 (台北標準時間)
14:26:00 debug: Inspect cce:/internal/x/prerequisite-imports
14:26:00 debug: Resolve file:///Applications/Cocos/Creator/3.8.4/CocosCreator.app/Contents/Resources/resources/3d/engine/editor/assets/default_renderpipeline/builtin-pipeline-settings.ts from cce:/internal/x/prerequisite-imports as file:///Applications/Cocos/Creator/3.8.4/CocosCreator.app/Contents/Resources/resources/3d/engine/editor/assets/default_renderpipeline/builtin-pipeline-settings.ts.
14:26:00 debug: Resolve file:///Applications/Cocos/Creator/3.8.4/CocosCreator.app/Contents/Resources/resources/3d/engine/editor/assets/default_renderpipeline/builtin-pipeline-types.ts from cce:/internal/x/prerequisite-imports as file:///Applications/Cocos/Creator/3.8.4/CocosCreator.app/Contents/Resources/resources/3d/engine/editor/assets/default_renderpipeline/builtin-pipeline-types.ts.
14:26:00 debug: Resolve file:///Applications/Cocos/Creator/3.8.4/CocosCreator.app/Contents/Resources/resources/3d/engine/editor/assets/default_renderpipeline/builtin-pipeline.ts from cce:/internal/x/prerequisite-imports as file:///Applications/Cocos/Creator/3.8.4/CocosCreator.app/Contents/Resources/resources/3d/engine/editor/assets/default_renderpipeline/builtin-pipeline.ts.
14:26:00 debug: Resolve file:///Applications/Cocos/Creator/3.8.4/CocosCreator.app/Contents/Resources/resources/3d/engine/editor/assets/tools/debug-view-runtime-control.ts from cce:/internal/x/prerequisite-imports as file:///Applications/Cocos/Creator/3.8.4/CocosCreator.app/Contents/Resources/resources/3d/engine/editor/assets/tools/debug-view-runtime-control.ts.
14:26:00 debug: Resolve file:///Users/neil/Documents/Neil/AirPlaneShootGame/assets/Scripts/Background.ts from cce:/internal/x/prerequisite-imports as file:///Users/neil/Documents/Neil/AirPlaneShootGame/assets/Scripts/Background.ts.
14:26:00 debug: Resolve file:///Users/neil/Documents/Neil/AirPlaneShootGame/assets/Scripts/Bullet.ts from cce:/internal/x/prerequisite-imports as file:///Users/neil/Documents/Neil/AirPlaneShootGame/assets/Scripts/Bullet.ts.
14:26:00 debug: Resolve file:///Users/neil/Documents/Neil/AirPlaneShootGame/assets/Scripts/Player.ts from cce:/internal/x/prerequisite-imports as file:///Users/neil/Documents/Neil/AirPlaneShootGame/assets/Scripts/Player.ts.
14:26:00 debug: Detected change: file:///Users/neil/Documents/Neil/AirPlaneShootGame/assets/Scripts/Player.ts. Last mtime: Fri Jan 10 2025 12:20:53 GMT+0800 (台北標準時間)@ee35bd1e-1959-4f2a-b750-a3608047e425, Current mtime: Fri Jan 10 2025 14:25:54 GMT+0800 (台北標準時間)@ee35bd1e-1959-4f2a-b750-a3608047e425
14:26:00 debug: Inspect file:///Users/neil/Documents/Neil/AirPlaneShootGame/assets/Scripts/Player.ts
14:26:00 debug: Resolve cc from file:///Users/neil/Documents/Neil/AirPlaneShootGame/assets/Scripts/Player.ts as cce:/internal/x/cc.
14:26:00 debug: Resolve cc from file:///Users/neil/Documents/Neil/AirPlaneShootGame/assets/Scripts/Player.ts as cce:/internal/x/cc.
14:26:00 debug: Resolve cc from file:///Users/neil/Documents/Neil/AirPlaneShootGame/assets/Scripts/Player.ts as cce:/internal/x/cc.
14:26:00 debug: Resolve file:///Users/neil/Documents/Neil/AirPlaneShootGame/assets/Scripts/StartUI.ts from cce:/internal/x/prerequisite-imports as file:///Users/neil/Documents/Neil/AirPlaneShootGame/assets/Scripts/StartUI.ts.
14:26:00 debug: Target(editor) ends with cost 58.358833998441696ms.
14:26:00 debug: Target(preview) build started.
14:26:00 debug: Detected change: cce:/internal/x/prerequisite-imports. Last mtime: Fri Jan 02 1970 03:30:58 GMT+0800 (台北標準時間), Current mtime: Fri Jan 02 1970 05:32:52 GMT+0800 (台北標準時間)
14:26:00 debug: Inspect cce:/internal/x/prerequisite-imports
14:26:00 debug: Resolve file:///Applications/Cocos/Creator/3.8.4/CocosCreator.app/Contents/Resources/resources/3d/engine/editor/assets/default_renderpipeline/builtin-pipeline-settings.ts from cce:/internal/x/prerequisite-imports as file:///Applications/Cocos/Creator/3.8.4/CocosCreator.app/Contents/Resources/resources/3d/engine/editor/assets/default_renderpipeline/builtin-pipeline-settings.ts.
14:26:00 debug: Resolve file:///Applications/Cocos/Creator/3.8.4/CocosCreator.app/Contents/Resources/resources/3d/engine/editor/assets/default_renderpipeline/builtin-pipeline-types.ts from cce:/internal/x/prerequisite-imports as file:///Applications/Cocos/Creator/3.8.4/CocosCreator.app/Contents/Resources/resources/3d/engine/editor/assets/default_renderpipeline/builtin-pipeline-types.ts.
14:26:00 debug: Resolve file:///Applications/Cocos/Creator/3.8.4/CocosCreator.app/Contents/Resources/resources/3d/engine/editor/assets/default_renderpipeline/builtin-pipeline.ts from cce:/internal/x/prerequisite-imports as file:///Applications/Cocos/Creator/3.8.4/CocosCreator.app/Contents/Resources/resources/3d/engine/editor/assets/default_renderpipeline/builtin-pipeline.ts.
14:26:00 debug: Resolve file:///Applications/Cocos/Creator/3.8.4/CocosCreator.app/Contents/Resources/resources/3d/engine/editor/assets/tools/debug-view-runtime-control.ts from cce:/internal/x/prerequisite-imports as file:///Applications/Cocos/Creator/3.8.4/CocosCreator.app/Contents/Resources/resources/3d/engine/editor/assets/tools/debug-view-runtime-control.ts.
14:26:00 debug: Resolve file:///Users/neil/Documents/Neil/AirPlaneShootGame/assets/Scripts/Background.ts from cce:/internal/x/prerequisite-imports as file:///Users/neil/Documents/Neil/AirPlaneShootGame/assets/Scripts/Background.ts.
14:26:00 debug: Resolve file:///Users/neil/Documents/Neil/AirPlaneShootGame/assets/Scripts/Bullet.ts from cce:/internal/x/prerequisite-imports as file:///Users/neil/Documents/Neil/AirPlaneShootGame/assets/Scripts/Bullet.ts.
14:26:00 debug: Resolve file:///Users/neil/Documents/Neil/AirPlaneShootGame/assets/Scripts/Player.ts from cce:/internal/x/prerequisite-imports as file:///Users/neil/Documents/Neil/AirPlaneShootGame/assets/Scripts/Player.ts.
14:26:00 debug: Detected change: file:///Users/neil/Documents/Neil/AirPlaneShootGame/assets/Scripts/Player.ts. Last mtime: Fri Jan 10 2025 12:20:53 GMT+0800 (台北標準時間)@ee35bd1e-1959-4f2a-b750-a3608047e425, Current mtime: Fri Jan 10 2025 14:25:54 GMT+0800 (台北標準時間)@ee35bd1e-1959-4f2a-b750-a3608047e425
14:26:00 debug: Inspect file:///Users/neil/Documents/Neil/AirPlaneShootGame/assets/Scripts/Player.ts
14:26:01 debug: Resolve cc from file:///Users/neil/Documents/Neil/AirPlaneShootGame/assets/Scripts/Player.ts as cce:/internal/x/cc.
14:26:01 debug: Resolve cc from file:///Users/neil/Documents/Neil/AirPlaneShootGame/assets/Scripts/Player.ts as cce:/internal/x/cc.
14:26:01 debug: Resolve cc from file:///Users/neil/Documents/Neil/AirPlaneShootGame/assets/Scripts/Player.ts as cce:/internal/x/cc.
14:26:01 debug: Resolve file:///Users/neil/Documents/Neil/AirPlaneShootGame/assets/Scripts/StartUI.ts from cce:/internal/x/prerequisite-imports as file:///Users/neil/Documents/Neil/AirPlaneShootGame/assets/Scripts/StartUI.ts.
14:26:01 debug: Target(preview) ends with cost 44.761417001485825ms.
14:29:01 debug: Dispatch build request for time accumulated 1 asset changes.
14:29:01 debug: Build iteration starts.
Number of accumulated asset changes: 1
Feature changed: false
14:29:01 debug: Target(editor) build started.
14:29:01 debug: Detected change: cce:/internal/x/prerequisite-imports. Last mtime: Fri Jan 02 1970 05:32:51 GMT+0800 (台北標準時間), Current mtime: Fri Jan 02 1970 05:35:52 GMT+0800 (台北標準時間)
14:29:01 debug: Inspect cce:/internal/x/prerequisite-imports
14:29:01 debug: Resolve file:///Applications/Cocos/Creator/3.8.4/CocosCreator.app/Contents/Resources/resources/3d/engine/editor/assets/default_renderpipeline/builtin-pipeline-settings.ts from cce:/internal/x/prerequisite-imports as file:///Applications/Cocos/Creator/3.8.4/CocosCreator.app/Contents/Resources/resources/3d/engine/editor/assets/default_renderpipeline/builtin-pipeline-settings.ts.
14:29:01 debug: Resolve file:///Applications/Cocos/Creator/3.8.4/CocosCreator.app/Contents/Resources/resources/3d/engine/editor/assets/default_renderpipeline/builtin-pipeline-types.ts from cce:/internal/x/prerequisite-imports as file:///Applications/Cocos/Creator/3.8.4/CocosCreator.app/Contents/Resources/resources/3d/engine/editor/assets/default_renderpipeline/builtin-pipeline-types.ts.
14:29:01 debug: Resolve file:///Applications/Cocos/Creator/3.8.4/CocosCreator.app/Contents/Resources/resources/3d/engine/editor/assets/default_renderpipeline/builtin-pipeline.ts from cce:/internal/x/prerequisite-imports as file:///Applications/Cocos/Creator/3.8.4/CocosCreator.app/Contents/Resources/resources/3d/engine/editor/assets/default_renderpipeline/builtin-pipeline.ts.
14:29:01 debug: Resolve file:///Applications/Cocos/Creator/3.8.4/CocosCreator.app/Contents/Resources/resources/3d/engine/editor/assets/tools/debug-view-runtime-control.ts from cce:/internal/x/prerequisite-imports as file:///Applications/Cocos/Creator/3.8.4/CocosCreator.app/Contents/Resources/resources/3d/engine/editor/assets/tools/debug-view-runtime-control.ts.
14:29:01 debug: Resolve file:///Users/neil/Documents/Neil/AirPlaneShootGame/assets/Scripts/Background.ts from cce:/internal/x/prerequisite-imports as file:///Users/neil/Documents/Neil/AirPlaneShootGame/assets/Scripts/Background.ts.
14:29:01 debug: Resolve file:///Users/neil/Documents/Neil/AirPlaneShootGame/assets/Scripts/Bullet.ts from cce:/internal/x/prerequisite-imports as file:///Users/neil/Documents/Neil/AirPlaneShootGame/assets/Scripts/Bullet.ts.
14:29:01 debug: Resolve file:///Users/neil/Documents/Neil/AirPlaneShootGame/assets/Scripts/Player.ts from cce:/internal/x/prerequisite-imports as file:///Users/neil/Documents/Neil/AirPlaneShootGame/assets/Scripts/Player.ts.
14:29:01 debug: Detected change: file:///Users/neil/Documents/Neil/AirPlaneShootGame/assets/Scripts/Player.ts. Last mtime: Fri Jan 10 2025 14:25:54 GMT+0800 (台北標準時間)@ee35bd1e-1959-4f2a-b750-a3608047e425, Current mtime: Fri Jan 10 2025 14:28:42 GMT+0800 (台北標準時間)@ee35bd1e-1959-4f2a-b750-a3608047e425
14:29:01 debug: Inspect file:///Users/neil/Documents/Neil/AirPlaneShootGame/assets/Scripts/Player.ts
14:29:01 debug: Resolve cc from file:///Users/neil/Documents/Neil/AirPlaneShootGame/assets/Scripts/Player.ts as cce:/internal/x/cc.
14:29:01 debug: Resolve cc from file:///Users/neil/Documents/Neil/AirPlaneShootGame/assets/Scripts/Player.ts as cce:/internal/x/cc.
14:29:01 debug: Resolve cc from file:///Users/neil/Documents/Neil/AirPlaneShootGame/assets/Scripts/Player.ts as cce:/internal/x/cc.
14:29:01 debug: Resolve file:///Users/neil/Documents/Neil/AirPlaneShootGame/assets/Scripts/StartUI.ts from cce:/internal/x/prerequisite-imports as file:///Users/neil/Documents/Neil/AirPlaneShootGame/assets/Scripts/StartUI.ts.
14:29:01 debug: Target(editor) ends with cost 39.616125017404556ms.
14:29:01 debug: Target(preview) build started.
14:29:01 debug: Detected change: cce:/internal/x/prerequisite-imports. Last mtime: Fri Jan 02 1970 05:32:52 GMT+0800 (台北標準時間), Current mtime: Fri Jan 02 1970 05:35:52 GMT+0800 (台北標準時間)
14:29:01 debug: Inspect cce:/internal/x/prerequisite-imports
14:29:01 debug: Resolve file:///Applications/Cocos/Creator/3.8.4/CocosCreator.app/Contents/Resources/resources/3d/engine/editor/assets/default_renderpipeline/builtin-pipeline-settings.ts from cce:/internal/x/prerequisite-imports as file:///Applications/Cocos/Creator/3.8.4/CocosCreator.app/Contents/Resources/resources/3d/engine/editor/assets/default_renderpipeline/builtin-pipeline-settings.ts.
14:29:01 debug: Resolve file:///Applications/Cocos/Creator/3.8.4/CocosCreator.app/Contents/Resources/resources/3d/engine/editor/assets/default_renderpipeline/builtin-pipeline-types.ts from cce:/internal/x/prerequisite-imports as file:///Applications/Cocos/Creator/3.8.4/CocosCreator.app/Contents/Resources/resources/3d/engine/editor/assets/default_renderpipeline/builtin-pipeline-types.ts.
14:29:01 debug: Resolve file:///Applications/Cocos/Creator/3.8.4/CocosCreator.app/Contents/Resources/resources/3d/engine/editor/assets/default_renderpipeline/builtin-pipeline.ts from cce:/internal/x/prerequisite-imports as file:///Applications/Cocos/Creator/3.8.4/CocosCreator.app/Contents/Resources/resources/3d/engine/editor/assets/default_renderpipeline/builtin-pipeline.ts.
14:29:01 debug: Resolve file:///Applications/Cocos/Creator/3.8.4/CocosCreator.app/Contents/Resources/resources/3d/engine/editor/assets/tools/debug-view-runtime-control.ts from cce:/internal/x/prerequisite-imports as file:///Applications/Cocos/Creator/3.8.4/CocosCreator.app/Contents/Resources/resources/3d/engine/editor/assets/tools/debug-view-runtime-control.ts.
14:29:01 debug: Resolve file:///Users/neil/Documents/Neil/AirPlaneShootGame/assets/Scripts/Background.ts from cce:/internal/x/prerequisite-imports as file:///Users/neil/Documents/Neil/AirPlaneShootGame/assets/Scripts/Background.ts.
14:29:01 debug: Resolve file:///Users/neil/Documents/Neil/AirPlaneShootGame/assets/Scripts/Bullet.ts from cce:/internal/x/prerequisite-imports as file:///Users/neil/Documents/Neil/AirPlaneShootGame/assets/Scripts/Bullet.ts.
14:29:01 debug: Resolve file:///Users/neil/Documents/Neil/AirPlaneShootGame/assets/Scripts/Player.ts from cce:/internal/x/prerequisite-imports as file:///Users/neil/Documents/Neil/AirPlaneShootGame/assets/Scripts/Player.ts.
14:29:01 debug: Detected change: file:///Users/neil/Documents/Neil/AirPlaneShootGame/assets/Scripts/Player.ts. Last mtime: Fri Jan 10 2025 14:25:54 GMT+0800 (台北標準時間)@ee35bd1e-1959-4f2a-b750-a3608047e425, Current mtime: Fri Jan 10 2025 14:28:42 GMT+0800 (台北標準時間)@ee35bd1e-1959-4f2a-b750-a3608047e425
14:29:01 debug: Inspect file:///Users/neil/Documents/Neil/AirPlaneShootGame/assets/Scripts/Player.ts
14:29:01 debug: Resolve cc from file:///Users/neil/Documents/Neil/AirPlaneShootGame/assets/Scripts/Player.ts as cce:/internal/x/cc.
14:29:01 debug: Resolve cc from file:///Users/neil/Documents/Neil/AirPlaneShootGame/assets/Scripts/Player.ts as cce:/internal/x/cc.
14:29:01 debug: Resolve cc from file:///Users/neil/Documents/Neil/AirPlaneShootGame/assets/Scripts/Player.ts as cce:/internal/x/cc.
14:29:01 debug: Resolve file:///Users/neil/Documents/Neil/AirPlaneShootGame/assets/Scripts/StartUI.ts from cce:/internal/x/prerequisite-imports as file:///Users/neil/Documents/Neil/AirPlaneShootGame/assets/Scripts/StartUI.ts.
14:29:01 debug: Target(preview) ends with cost 39.46975001692772ms.
